#
# There is insufficient memory for the Java Runtime Environment to continue.
# Native memory allocation (malloc) failed to allocate 931216 bytes for Chunk::new
# Possible reasons:
#   The system is out of physical RAM or swap space
#   In 32 bit mode, the process size limit was hit
# Possible solutions:
#   Reduce memory load on the system
#   Increase physical memory or swap space
#   Check if swap backing store is full
#   Use 64 bit Java on a 64 bit OS
#   Decrease Java heap size (-Xmx/-Xms)
#   Decrease number of Java threads
#   Decrease Java thread stack sizes (-Xss)
#   Set larger code cache with -XX:ReservedCodeCacheSize=
# This output file may be truncated or incomplete.
#
#  Out of Memory Error (allocation.cpp:390), pid=4136, tid=5240
#
# JRE version: Java(TM) SE Runtime Environment (8.0_25-b18) (build 1.8.0_25-b18)
# Java VM: Java HotSpot(TM) 64-Bit Server VM (25.25-b02 mixed mode windows-amd64 compressed oops)
# Failed to write core dump. Minidumps are not enabled by default on client versions of Windows
#

---------------  T H R E A D  ---------------

Current thread (0x0000000055187000):  JavaThread "C2 CompilerThread0" daemon [_thread_in_native, id=5240, stack(0x0000000056750000,0x0000000056850000)]

Stack: [0x0000000056750000,0x0000000056850000]
Native frames: (J=compiled Java code, j=interpreted, Vv=VM code, C=native code)
V  [jvm.dll+0x31667a]
V  [jvm.dll+0x267073]
V  [jvm.dll+0x267cb3]
V  [jvm.dll+0x25f5b5]
V  [jvm.dll+0xbf165]
V  [jvm.dll+0xbf60c]
V  [jvm.dll+0x45d672]
V  [jvm.dll+0x49e8ef]
V  [jvm.dll+0x4524ef]
V  [jvm.dll+0x453864]
V  [jvm.dll+0x437372]
V  [jvm.dll+0x98a02]
V  [jvm.dll+0x991f3]
V  [jvm.dll+0x22bde4]
V  [jvm.dll+0x2852fa]
C  [msvcr100.dll+0x21d9f]
C  [msvcr100.dll+0x21e3b]
C  [kernel32.dll+0x159ed]
C  [ntdll.dll+0x2c541]


Current CompileTask:
C2:  20087 1338       4       com.android.dx.ssa.SCCP::simulateBranch (666 bytes)


---------------  P R O C E S S  ---------------

Java Threads: ( => current thread )
  0x0000000056b70800 JavaThread "Service Thread" daemon [_thread_blocked, id=2624, stack(0x0000000057040000,0x0000000057140000)]
  0x000000005518c800 JavaThread "C1 CompilerThread2" daemon [_thread_blocked, id=5872, stack(0x0000000056a70000,0x0000000056b70000)]
  0x000000005518b000 JavaThread "C2 CompilerThread1" daemon [_thread_in_native, id=4444, stack(0x0000000056880000,0x0000000056980000)]
=>0x0000000055187000 JavaThread "C2 CompilerThread0" daemon [_thread_in_native, id=5240, stack(0x0000000056750000,0x0000000056850000)]
  0x0000000055185800 JavaThread "Attach Listener" daemon [_thread_blocked, id=6096, stack(0x0000000056070000,0x0000000056170000)]
  0x0000000055182800 JavaThread "Signal Dispatcher" daemon [_thread_blocked, id=2416, stack(0x0000000056550000,0x0000000056650000)]
  0x000000005511e800 JavaThread "Finalizer" daemon [_thread_blocked, id=1208, stack(0x00000000562b0000,0x00000000563b0000)]
  0x000000005511b000 JavaThread "Reference Handler" daemon [_thread_blocked, id=4676, stack(0x0000000056420000,0x0000000056520000)]
  0x000000000045e000 JavaThread "main" [_thread_in_Java, id=3280, stack(0x00000000025a0000,0x00000000026a0000)]

Other Threads:
  0x0000000055115800 VMThread [stack: 0x00000000561b0000,0x00000000562b0000] [id=2688]
  0x0000000056b74000 WatcherThread [stack: 0x0000000057230000,0x0000000057330000] [id=4172]

VM state:not at safepoint (normal execution)

VM Mutex/Monitor currently owned by a thread: None

Heap:
 PSYoungGen      total 34304K, used 25880K [0x00000000eab00000, 0x00000000ecf00000, 0x0000000100000000)
  eden space 31744K, 73% used [0x00000000eab00000,0x00000000ec1cdff8,0x00000000eca00000)
  from space 2560K, 98% used [0x00000000ecc80000,0x00000000ecef8018,0x00000000ecf00000)
  to   space 2560K, 0% used [0x00000000eca00000,0x00000000eca00000,0x00000000ecc80000)
 ParOldGen       total 42496K, used 4151K [0x00000000c0000000, 0x00000000c2980000, 0x00000000eab00000)
  object space 42496K, 9% used [0x00000000c0000000,0x00000000c040dec8,0x00000000c2980000)
 Metaspace       used 5760K, capacity 7088K, committed 7296K, reserved 1056768K
  class space    used 542K, capacity 616K, committed 640K, reserved 1048576K

Card table byte_map: [0x0000000011d30000,0x0000000011f40000] byte_map_base: 0x0000000011730000

Marking Bits: (ParMarkBitMap*) 0x000000006afad490
 Begin Bits: [0x0000000012590000, 0x0000000013590000)
 End Bits:   [0x0000000013590000, 0x0000000014590000)

Polling page: 0x0000000000130000

CodeCache: size=245760Kb used=6018Kb max_used=6018Kb free=239741Kb
 bounds [0x0000000002970000, 0x0000000002f60000, 0x0000000011970000]
 total_blobs=1767 nmethods=1508 adapters=174
 compilation: enabled

Compilation events (10 events):
Event: 17.239 Thread 0x000000005518c800 nmethod 1344 0x0000000002eb6890 code [0x0000000002eb6a40, 0x0000000002eb6fb8]
Event: 18.959 Thread 0x000000005518b000 nmethod 1249 0x0000000002ebdd90 code [0x0000000002ebe2e0, 0x0000000002ec12a8]
Event: 18.959 Thread 0x000000005518b000 1342   !   4       com.android.dx.rop.code.BasicBlock::<init> (273 bytes)
Event: 18.976 Thread 0x000000005518b000 nmethod 1342 0x0000000002eb9e90 code [0x0000000002eba000, 0x0000000002eba518]
Event: 18.976 Thread 0x000000005518b000 1324       4       com.android.dx.ssa.SsaMethod$1::visitNonMoveInsn (26 bytes)
Event: 18.978 Thread 0x000000005518b000 nmethod 1324 0x0000000002ebac50 code [0x0000000002ebada0, 0x0000000002ebae98]
Event: 18.978 Thread 0x000000005518b000 1341       4       com.android.dx.ssa.SsaMethod$2::visitNonMoveInsn (6 bytes)
Event: 19.009 Thread 0x000000005518b000 nmethod 1341 0x0000000002eb9010 code [0x0000000002eb9180, 0x0000000002eb9708]
Event: 19.009 Thread 0x000000005518b000 1331       4       com.android.dx.rop.type.Type::isCategory2 (36 bytes)
Event: 19.010 Thread 0x000000005518b000 nmethod 1331 0x0000000002eb5750 code [0x0000000002eb5880, 0x0000000002eb58f8]

GC Heap History (4 events):
Event: 2.987 GC heap before
{Heap before GC invocations=1 (full 0):
 PSYoungGen      total 18432K, used 15872K [0x00000000eab00000, 0x00000000ebf80000, 0x0000000100000000)
  eden space 15872K, 100% used [0x00000000eab00000,0x00000000eba80000,0x00000000eba80000)
  from space 2560K, 0% used [0x00000000ebd00000,0x00000000ebd00000,0x00000000ebf80000)
  to   space 2560K, 0% used [0x00000000eba80000,0x00000000eba80000,0x00000000ebd00000)
 ParOldGen       total 42496K, used 0K [0x00000000c0000000, 0x00000000c2980000, 0x00000000eab00000)
  object space 42496K, 0% used [0x00000000c0000000,0x00000000c0000000,0x00000000c2980000)
 Metaspace       used 5476K, capacity 6832K, committed 7040K, reserved 1056768K
  class space    used 541K, capacity 616K, committed 640K, reserved 1048576K
Event: 13.897 GC heap after
Heap after GC invocations=1 (full 0):
 PSYoungGen      total 18432K, used 2556K [0x00000000eab00000, 0x00000000ecf00000, 0x0000000100000000)
  eden space 15872K, 0% used [0x00000000eab00000,0x00000000eab00000,0x00000000eba80000)
  from space 2560K, 99% used [0x00000000eba80000,0x00000000ebcff350,0x00000000ebd00000)
  to   space 2560K, 0% used [0x00000000ecc80000,0x00000000ecc80000,0x00000000ecf00000)
 ParOldGen       total 42496K, used 1638K [0x00000000c0000000, 0x00000000c2980000, 0x00000000eab00000)
  object space 42496K, 3% used [0x00000000c0000000,0x00000000c0199998,0x00000000c2980000)
 Metaspace       used 5476K, capacity 6832K, committed 7040K, reserved 1056768K
  class space    used 541K, capacity 616K, committed 640K, reserved 1048576K
}
Event: 17.242 GC heap before
{Heap before GC invocations=2 (full 0):
 PSYoungGen      total 18432K, used 18428K [0x00000000eab00000, 0x00000000ecf00000, 0x0000000100000000)
  eden space 15872K, 100% used [0x00000000eab00000,0x00000000eba80000,0x00000000eba80000)
  from space 2560K, 99% used [0x00000000eba80000,0x00000000ebcff350,0x00000000ebd00000)
  to   space 2560K, 0% used [0x00000000ecc80000,0x00000000ecc80000,0x00000000ecf00000)
 ParOldGen       total 42496K, used 1638K [0x00000000c0000000, 0x00000000c2980000, 0x00000000eab00000)
  object space 42496K, 3% used [0x00000000c0000000,0x00000000c0199998,0x00000000c2980000)
 Metaspace       used 5620K, capacity 6960K, committed 7040K, reserved 1056768K
  class space    used 541K, capacity 616K, committed 640K, reserved 1048576K
Event: 18.947 GC heap after
Heap after GC invocations=2 (full 0):
 PSYoungGen      total 34304K, used 2528K [0x00000000eab00000, 0x00000000ecf00000, 0x0000000100000000)
  eden space 31744K, 0% used [0x00000000eab00000,0x00000000eab00000,0x00000000eca00000)
  from space 2560K, 98% used [0x00000000ecc80000,0x00000000ecef8018,0x00000000ecf00000)
  to   space 2560K, 0% used [0x00000000eca00000,0x00000000eca00000,0x00000000ecc80000)
 ParOldGen       total 42496K, used 4151K [0x00000000c0000000, 0x00000000c2980000, 0x00000000eab00000)
  object space 42496K, 9% used [0x00000000c0000000,0x00000000c040dec8,0x00000000c2980000)
 Metaspace       used 5620K, capacity 6960K, committed 7040K, reserved 1056768K
  class space    used 541K, capacity 616K, committed 640K, reserved 1048576K
}

Deoptimization events (5 events):
Event: 2.793 Thread 0x000000000045e000 Uncommon trap: reason=class_check action=maybe_recompile pc=0x0000000002d5cb74 method=com.android.dx.ssa.NormalSsaInsn.accept(Lcom/android/dx/ssa/SsaInsn$Visitor;)V @ 9
Event: 2.793 Thread 0x000000000045e000 Uncommon trap: reason=class_check action=maybe_recompile pc=0x0000000002c9a760 method=com.android.dx.ssa.NormalSsaInsn.accept(Lcom/android/dx/ssa/SsaInsn$Visitor;)V @ 9
Event: 2.793 Thread 0x000000000045e000 Uncommon trap: reason=class_check action=maybe_recompile pc=0x0000000002c9a760 method=com.android.dx.ssa.NormalSsaInsn.accept(Lcom/android/dx/ssa/SsaInsn$Visitor;)V @ 9
Event: 2.793 Thread 0x000000000045e000 Uncommon trap: reason=class_check action=maybe_recompile pc=0x0000000002c9a760 method=com.android.dx.ssa.NormalSsaInsn.accept(Lcom/android/dx/ssa/SsaInsn$Visitor;)V @ 9
Event: 2.982 Thread 0x000000000045e000 Uncommon trap: reason=null_check action=make_not_entrant pc=0x0000000002d5d334 method=com.android.dx.ssa.SsaRenamer.getLocalForNewReg(I)Lcom/android/dx/rop/code/LocalItem; @ 19

Internal exceptions (3 events):
Event: 0.192 Thread 0x000000000045e000 Exception <a 'java/lang/NoSuchMethodError': Method sun.misc.Unsafe.defineClass(Ljava/lang/String;[BII)Ljava/lang/Class; name or signature does not match> (0x00000000eab12160) thrown at [D:\re\workspace\8-2-build-windows-amd64-cygwin\jdk8u25\1677\hotspot\srTþÞ£G£È?
Event: 0.192 Thread 0x000000000045e000 Exception <a 'java/lang/NoSuchMethodError': Method sun.misc.Unsafe.prefetchRead(Ljava/lang/Object;J)V name or signature does not match> (0x00000000eab123f0) thrown at [D:\re\workspace\8-2-build-windows-amd64-cygwin\jdk8u25\1677\hotspot\src\share\vm\prims\jöƒ·SïÛ@
Event: 2.982 Thread 0x000000000045e000 Implicit null exception at 0x0000000002d5b3a7 to 0x0000000002d5d30d

Events (10 events):
Event: 2.846 Executing VM operation: ForceSafepoint done
Event: 2.982 Thread 0x000000000045e000 Uncommon trap: trap_request=0xfffffff4 fr.pc=0x0000000002d5d334
Event: 2.982 Thread 0x000000000045e000 DEOPT PACKING pc=0x0000000002d5d334 sp=0x000000000269e900
Event: 2.982 Thread 0x000000000045e000 DEOPT UNPACKING pc=0x00000000029b556a sp=0x000000000269e738 mode 2
Event: 2.987 Executing VM operation: ParallelGCFailedAllocation
Event: 13.897 Executing VM operation: ParallelGCFailedAllocation done
Event: 15.764 loading class sun/misc/Cleaner
Event: 15.764 loading class sun/misc/Cleaner done
Event: 17.242 Executing VM operation: ParallelGCFailedAllocation
Event: 18.947 Executing VM operation: ParallelGCFailedAllocation done


Dynamic libraries:
0x000000013fe10000 - 0x000000013fe44000 	C:\PROGRA~1\Java\JDK18~1.0_2\bin\java.exe
0x0000000077490000 - 0x0000000077639000 	C:\Windows\SYSTEM32\ntdll.dll
0x0000000077270000 - 0x000000007738f000 	C:\Windows\system32\kernel32.dll
0x000007fefd5a0000 - 0x000007fefd60c000 	C:\Windows\system32\KERNELBASE.dll
0x000007fefe000000 - 0x000007fefe0db000 	C:\Windows\system32\ADVAPI32.dll
0x000007fefdf50000 - 0x000007fefdfef000 	C:\Windows\system32\msvcrt.dll
0x000007fefda40000 - 0x000007fefda5f000 	C:\Windows\SYSTEM32\sechost.dll
0x000007fefdd50000 - 0x000007fefde7d000 	C:\Windows\system32\RPCRT4.dll
0x0000000077390000 - 0x000000007748a000 	C:\Windows\system32\USER32.dll
0x000007feff480000 - 0x000007feff4e7000 	C:\Windows\system32\GDI32.dll
0x000007fefdff0000 - 0x000007fefdffe000 	C:\Windows\system32\LPK.dll
0x000007fefdc00000 - 0x000007fefdcc9000 	C:\Windows\system32\USP10.dll
0x000007fefb790000 - 0x000007fefb984000 	C:\Windows\WinSxS\amd64_microsoft.windows.common-controls_6595b64144ccf1df_6.0.7601.17514_none_fa396087175ac9ac\COMCTL32.dll
0x000007fefda70000 - 0x000007fefdae1000 	C:\Windows\system32\SHLWAPI.dll
0x000007fefdf20000 - 0x000007fefdf4e000 	C:\Windows\system32\IMM32.DLL
0x000007fefdaf0000 - 0x000007fefdbf9000 	C:\Windows\system32\MSCTF.dll
0x000000006c950000 - 0x000000006ca22000 	C:\PROGRA~1\Java\JDK18~1.0_2\jre\bin\msvcr100.dll
0x000000006a7d0000 - 0x000000006b02a000 	C:\PROGRA~1\Java\JDK18~1.0_2\jre\bin\server\jvm.dll
0x000007fefaee0000 - 0x000007fefaee9000 	C:\Windows\system32\WSOCK32.dll
0x000007fefe640000 - 0x000007fefe68d000 	C:\Windows\system32\WS2_32.dll
0x000007fefda60000 - 0x000007fefda68000 	C:\Windows\system32\NSI.dll
0x000007fefbc80000 - 0x000007fefbcbb000 	C:\Windows\system32\WINMM.dll
0x0000000077660000 - 0x0000000077667000 	C:\Windows\system32\PSAPI.DLL
0x0000000074da0000 - 0x0000000074daf000 	C:\PROGRA~1\Java\JDK18~1.0_2\jre\bin\verify.dll
0x0000000072610000 - 0x0000000072638000 	C:\PROGRA~1\Java\JDK18~1.0_2\jre\bin\java.dll
0x0000000074d80000 - 0x0000000074d96000 	C:\PROGRA~1\Java\JDK18~1.0_2\jre\bin\zip.dll
0x000007fefe690000 - 0x000007feff418000 	C:\Windows\system32\SHELL32.dll
0x000007feff590000 - 0x000007feff793000 	C:\Windows\system32\ole32.dll
0x000007fefd250000 - 0x000007fefd25f000 	C:\Windows\system32\profapi.dll
0x000007fef99b0000 - 0x000007fef9ad5000 	C:\Windows\system32\dbghelp.dll

VM Arguments:
jvm_args: -Xmx1024M -Xss1m -Djava.ext.dirs=C:\Users\Admin\AppData\Local\Android\sdk\build-tools\21.1.1\lib 
java_command: C:\Users\Admin\AppData\Local\Android\sdk\build-tools\21.1.1\lib\dx.jar --dex --output C:\Users\Admin\StudioProjects\EuroMaidan\app\build\intermediates\pre-dexed\debug\gson-2.3.1-8fa5293d22411cd4b044a3fa3a7ed2692159af67.jar C:\Users\Admin\.gradle\caches\modules-2\files-2.1\com.google.code.gson\gson\2.3.1\ecb6e1f8e4b0e84c4b886c2f14a1500caf309757\gson-2.3.1.jar
java_class_path (initial): C:\Users\Admin\AppData\Local\Android\sdk\build-tools\21.1.1\lib\dx.jar
Launcher Type: SUN_STANDARD

Environment Variables:
JAVA_HOME=C:\Program Files\Java\jdk1.8.0_25
PATH=C:\ProgramData\Oracle\Java\javapath;C:\Windows\system32;C:\Windows;C:\Windows\System32\Wbem;C:\Windows\System32\WindowsPowerShell\v1.0\;C:\Program Files (x86)\ATI Technologies\ATI.ACE\Core-Static;C:\Program Files (x86)\Common Files\Adobe\AGL;C:\Program Files (x86)\Git\cmd
USERNAME=Admin
OS=Windows_NT
PROCESSOR_IDENTIFIER=Intel64 Family 6 Model 37 Stepping 2, GenuineIntel



---------------  S Y S T E M  ---------------

OS: Windows 7 , 64 bit Build 7601 Service Pack 1

CPU:total 4 (2 cores per cpu, 2 threads per core) family 6 model 37 stepping 2, cmov, cx8, fxsr, mmx, sse, sse2, sse3, ssse3, sse4.1, sse4.2, popcnt, ht, tsc, tscinvbit

Memory: 4k page, physical 3987312k(1005400k free), swap 3985448k(559736k free)

vm_info: Java HotSpot(TM) 64-Bit Server VM (25.25-b02) for windows-amd64 JRE (1.8.0_25-b18), built on Oct  7 2014 14:25:37 by "java_re" with MS VC++ 10.0 (VS2010)

time: Fri Dec 26 14:50:52 2014
elapsed time: 20 seconds (0d 0h 0m 20s)

