#
# There is insufficient memory for the Java Runtime Environment to continue.
# Native memory allocation (malloc) failed to allocate 393808 bytes for Chunk::new
# Possible reasons:
#   The system is out of physical RAM or swap space
#   In 32 bit mode, the process size limit was hit
# Possible solutions:
#   Reduce memory load on the system
#   Increase physical memory or swap space
#   Check if swap backing store is full
#   Use 64 bit Java on a 64 bit OS
#   Decrease Java heap size (-Xmx/-Xms)
#   Decrease number of Java threads
#   Decrease Java thread stack sizes (-Xss)
#   Set larger code cache with -XX:ReservedCodeCacheSize=
# This output file may be truncated or incomplete.
#
#  Out of Memory Error (allocation.cpp:390), pid=4972, tid=2216
#
# JRE version: Java(TM) SE Runtime Environment (8.0_25-b18) (build 1.8.0_25-b18)
# Java VM: Java HotSpot(TM) 64-Bit Server VM (25.25-b02 mixed mode windows-amd64 compressed oops)
# Failed to write core dump. Minidumps are not enabled by default on client versions of Windows
#

---------------  T H R E A D  ---------------

Current thread (0x0000000056614000):  JavaThread "C2 CompilerThread0" daemon [_thread_in_native, id=2216, stack(0x0000000056ed0000,0x0000000056fd0000)]

Stack: [0x0000000056ed0000,0x0000000056fd0000]
Native frames: (J=compiled Java code, j=interpreted, Vv=VM code, C=native code)
V  [jvm.dll+0x31667a]


Current CompileTask:
C2:  19118 1442       4       com.android.dx.ssa.LocalVariableExtractor::processBlock (383 bytes)


---------------  P R O C E S S  ---------------

Java Threads: ( => current thread )
  0x000000005665a000 JavaThread "Service Thread" daemon [_thread_blocked, id=5288, stack(0x00000000573b0000,0x00000000574b0000)]
  0x0000000056657800 JavaThread "C1 CompilerThread2" daemon [_thread_blocked, id=2588, stack(0x00000000571b0000,0x00000000572b0000)]
  0x0000000056656000 JavaThread "C2 CompilerThread1" daemon [_thread_in_native, id=3436, stack(0x0000000057020000,0x0000000057120000)]
=>0x0000000056614000 JavaThread "C2 CompilerThread0" daemon [_thread_in_native, id=2216, stack(0x0000000056ed0000,0x0000000056fd0000)]
  0x0000000056612800 JavaThread "Attach Listener" daemon [_thread_blocked, id=468, stack(0x0000000056c60000,0x0000000056d60000)]
  0x00000000550e2000 JavaThread "Signal Dispatcher" daemon [_thread_blocked, id=1540, stack(0x0000000056a10000,0x0000000056b10000)]
  0x0000000055080800 JavaThread "Finalizer" daemon [_thread_blocked, id=5316, stack(0x0000000056510000,0x0000000056610000)]
  0x000000005507d000 JavaThread "Reference Handler" daemon [_thread_blocked, id=4540, stack(0x0000000056340000,0x0000000056440000)]
  0x00000000022fe000 JavaThread "main" [_thread_blocked, id=3076, stack(0x0000000002620000,0x0000000002720000)]

Other Threads:
  0x0000000055077800 VMThread [stack: 0x0000000056150000,0x0000000056250000] [id=4068]
  0x0000000056660800 WatcherThread [stack: 0x0000000056b40000,0x0000000056c40000] [id=1088]

VM state:not at safepoint (normal execution)

VM Mutex/Monitor currently owned by a thread:  ([mutex/lock_event])
[0x00000000022fc760] Heap_lock - owner thread: 0x00000000022fe000

Heap:
 PSYoungGen      total 34304K, used 2540K [0x00000000eab00000, 0x00000000ecf00000, 0x0000000100000000)
  eden space 31744K, 0% used [0x00000000eab00000,0x00000000eab000c8,0x00000000eca00000)
  from space 2560K, 99% used [0x00000000eca00000,0x00000000ecc7b078,0x00000000ecc80000)
  to   space 2560K, 0% used [0x00000000ecc80000,0x00000000ecc80000,0x00000000ecf00000)
 ParOldGen       total 42496K, used 9600K [0x00000000c0000000, 0x00000000c2980000, 0x00000000eab00000)
  object space 42496K, 22% used [0x00000000c0000000,0x00000000c0960138,0x00000000c2980000)
 Metaspace       used 5752K, capacity 7088K, committed 7296K, reserved 1056768K
  class space    used 547K, capacity 616K, committed 640K, reserved 1048576K

Card table byte_map: [0x0000000011db0000,0x0000000011fc0000] byte_map_base: 0x00000000117b0000

Marking Bits: (ParMarkBitMap*) 0x000000006afad490
 Begin Bits: [0x00000000124f0000, 0x00000000134f0000)
 End Bits:   [0x00000000134f0000, 0x00000000144f0000)

Polling page: 0x0000000000340000

CodeCache: size=245760Kb used=6377Kb max_used=6377Kb free=239382Kb
 bounds [0x00000000029f0000, 0x0000000003030000, 0x00000000119f0000]
 total_blobs=1738 nmethods=1479 adapters=174
 compilation: enabled

Compilation events (10 events):
Event: 17.857 Thread 0x0000000056657800 1491       3       com.android.dx.cf.cst.ConstantPoolParser::parse (365 bytes)
Event: 17.863 Thread 0x0000000056657800 nmethod 1491 0x0000000003027b50 code [0x00000000030280a0, 0x000000000302b408]
Event: 17.866 Thread 0x0000000056657800 1492       3       com.android.dx.rop.cst.CstType::hashCode (8 bytes)
Event: 17.867 Thread 0x0000000056657800 nmethod 1492 0x000000000302d490 code [0x000000000302d600, 0x000000000302d8e8]
Event: 17.868 Thread 0x0000000056657800 1493       1       com.android.dx.cf.code.ByteCatchList$Item::getHandlerPc (5 bytes)
Event: 17.868 Thread 0x0000000056657800 nmethod 1493 0x000000000302da10 code [0x000000000302db60, 0x000000000302dc70]
Event: 17.870 Thread 0x0000000056657800 1494       3       com.android.dx.rop.code.ThrowingInsn::accept (8 bytes)
Event: 17.870 Thread 0x0000000056657800 nmethod 1494 0x000000000302dcd0 code [0x000000000302de40, 0x000000000302e068]
Event: 17.872 Thread 0x0000000056657800 1495       3       com.android.dx.rop.code.SourcePosition::equals (46 bytes)
Event: 17.873 Thread 0x0000000056657800 nmethod 1495 0x000000000302e150 code [0x000000000302e2e0, 0x000000000302e7e8]

GC Heap History (6 events):
Event: 3.822 GC heap before
{Heap before GC invocations=1 (full 0):
 PSYoungGen      total 18432K, used 15872K [0x00000000eab00000, 0x00000000ebf80000, 0x0000000100000000)
  eden space 15872K, 100% used [0x00000000eab00000,0x00000000eba80000,0x00000000eba80000)
  from space 2560K, 0% used [0x00000000ebd00000,0x00000000ebd00000,0x00000000ebf80000)
  to   space 2560K, 0% used [0x00000000eba80000,0x00000000eba80000,0x00000000ebd00000)
 ParOldGen       total 42496K, used 0K [0x00000000c0000000, 0x00000000c2980000, 0x00000000eab00000)
  object space 42496K, 0% used [0x00000000c0000000,0x00000000c0000000,0x00000000c2980000)
 Metaspace       used 5430K, capacity 6768K, committed 7040K, reserved 1056768K
  class space    used 543K, capacity 616K, committed 640K, reserved 1048576K
Event: 13.965 GC heap after
Heap after GC invocations=1 (full 0):
 PSYoungGen      total 18432K, used 2535K [0x00000000eab00000, 0x00000000ecf00000, 0x0000000100000000)
  eden space 15872K, 0% used [0x00000000eab00000,0x00000000eab00000,0x00000000eba80000)
  from space 2560K, 99% used [0x00000000eba80000,0x00000000ebcf9c88,0x00000000ebd00000)
  to   space 2560K, 0% used [0x00000000ecc80000,0x00000000ecc80000,0x00000000ecf00000)
 ParOldGen       total 42496K, used 1623K [0x00000000c0000000, 0x00000000c2980000, 0x00000000eab00000)
  object space 42496K, 3% used [0x00000000c0000000,0x00000000c0195c48,0x00000000c2980000)
 Metaspace       used 5430K, capacity 6768K, committed 7040K, reserved 1056768K
  class space    used 543K, capacity 616K, committed 640K, reserved 1048576K
}
Event: 15.562 GC heap before
{Heap before GC invocations=2 (full 0):
 PSYoungGen      total 18432K, used 18407K [0x00000000eab00000, 0x00000000ecf00000, 0x0000000100000000)
  eden space 15872K, 100% used [0x00000000eab00000,0x00000000eba80000,0x00000000eba80000)
  from space 2560K, 99% used [0x00000000eba80000,0x00000000ebcf9c88,0x00000000ebd00000)
  to   space 2560K, 0% used [0x00000000ecc80000,0x00000000ecc80000,0x00000000ecf00000)
 ParOldGen       total 42496K, used 1623K [0x00000000c0000000, 0x00000000c2980000, 0x00000000eab00000)
  object space 42496K, 3% used [0x00000000c0000000,0x00000000c0195c48,0x00000000c2980000)
 Metaspace       used 5645K, capacity 6960K, committed 7040K, reserved 1056768K
  class space    used 546K, capacity 616K, committed 640K, reserved 1048576K
Event: 16.686 GC heap after
Heap after GC invocations=2 (full 0):
 PSYoungGen      total 34304K, used 2529K [0x00000000eab00000, 0x00000000ecf00000, 0x0000000100000000)
  eden space 31744K, 0% used [0x00000000eab00000,0x00000000eab00000,0x00000000eca00000)
  from space 2560K, 98% used [0x00000000ecc80000,0x00000000ecef87e8,0x00000000ecf00000)
  to   space 2560K, 0% used [0x00000000eca00000,0x00000000eca00000,0x00000000ecc80000)
 ParOldGen       total 42496K, used 4345K [0x00000000c0000000, 0x00000000c2980000, 0x00000000eab00000)
  object space 42496K, 10% used [0x00000000c0000000,0x00000000c043e598,0x00000000c2980000)
 Metaspace       used 5645K, capacity 6960K, committed 7040K, reserved 1056768K
  class space    used 546K, capacity 616K, committed 640K, reserved 1048576K
}
Event: 17.881 GC heap before
{Heap before GC invocations=3 (full 0):
 PSYoungGen      total 34304K, used 34273K [0x00000000eab00000, 0x00000000ecf00000, 0x0000000100000000)
  eden space 31744K, 100% used [0x00000000eab00000,0x00000000eca00000,0x00000000eca00000)
  from space 2560K, 98% used [0x00000000ecc80000,0x00000000ecef87e8,0x00000000ecf00000)
  to   space 2560K, 0% used [0x00000000eca00000,0x00000000eca00000,0x00000000ecc80000)
 ParOldGen       total 42496K, used 4345K [0x00000000c0000000, 0x00000000c2980000, 0x00000000eab00000)
  object space 42496K, 10% used [0x00000000c0000000,0x00000000c043e598,0x00000000c2980000)
 Metaspace       used 5752K, capacity 7088K, committed 7296K, reserved 1056768K
  class space    used 547K, capacity 616K, committed 640K, reserved 1048576K
Event: 19.049 GC heap after
Heap after GC invocations=3 (full 0):
 PSYoungGen      total 34304K, used 2540K [0x00000000eab00000, 0x00000000ecf00000, 0x0000000100000000)
  eden space 31744K, 0% used [0x00000000eab00000,0x00000000eab00000,0x00000000eca00000)
  from space 2560K, 99% used [0x00000000eca00000,0x00000000ecc7b078,0x00000000ecc80000)
  to   space 2560K, 0% used [0x00000000ecc80000,0x00000000ecc80000,0x00000000ecf00000)
 ParOldGen       total 42496K, used 9600K [0x00000000c0000000, 0x00000000c2980000, 0x00000000eab00000)
  object space 42496K, 22% used [0x00000000c0000000,0x00000000c0960138,0x00000000c2980000)
 Metaspace       used 5752K, capacity 7088K, committed 7296K, reserved 1056768K
  class space    used 547K, capacity 616K, committed 640K, reserved 1048576K
}

Deoptimization events (9 events):
Event: 3.822 Thread 0x00000000022fe000 Uncommon trap: reason=class_check action=maybe_recompile pc=0x0000000002dab8d0 method=com.android.dx.rop.type.Type.equals(Ljava/lang/Object;)Z @ 8
Event: 14.131 Thread 0x00000000022fe000 Uncommon trap: reason=class_check action=maybe_recompile pc=0x0000000002dab8d0 method=com.android.dx.rop.type.Type.equals(Ljava/lang/Object;)Z @ 8
Event: 14.493 Thread 0x00000000022fe000 Uncommon trap: reason=class_check action=maybe_recompile pc=0x0000000002dab8d0 method=com.android.dx.rop.type.Type.equals(Ljava/lang/Object;)Z @ 8
Event: 14.495 Thread 0x00000000022fe000 Uncommon trap: reason=null_check action=make_not_entrant pc=0x0000000002dab8e0 method=com.android.dx.rop.type.Type.equals(Ljava/lang/Object;)Z @ 8
Event: 14.634 Thread 0x00000000022fe000 Uncommon trap: reason=unreached action=reinterpret pc=0x0000000002e1160c method=com.android.dx.ssa.SsaMethod.updateOneDefinition(Lcom/android/dx/ssa/SsaInsn;Lcom/android/dx/rop/code/RegisterSpec;)V @ 4
Event: 15.560 Thread 0x00000000022fe000 Uncommon trap: reason=unreached action=reinterpret pc=0x0000000002d6f844 method=com.android.dx.rop.cst.Constant.compareTo(Lcom/android/dx/rop/cst/Constant;)I @ 12
Event: 17.642 Thread 0x00000000022fe000 Uncommon trap: reason=unloaded action=reinterpret pc=0x0000000002fcc920 method=com.android.dx.cf.cst.ConstantPoolParser.parse0(ILjava/util/BitSet;)Lcom/android/dx/rop/cst/Constant; @ 176
Event: 17.647 Thread 0x00000000022fe000 Uncommon trap: reason=uninitialized action=reinterpret pc=0x0000000002fbe190 method=com.android.dx.cf.code.BytecodeArray.parseInstruction(ILcom/android/dx/cf/code/BytecodeArray$Visitor;)I @ 1031
Event: 17.754 Thread 0x00000000022fe000 Uncommon trap: reason=unreached action=reinterpret pc=0x00000000030194b4 method=com.android.dx.cf.code.BaseMachine.getLocalTarget(Z)Lcom/android/dx/rop/code/RegisterSpec; @ 131

Internal exceptions (3 events):
Event: 0.129 Thread 0x00000000022fe000 Exception <a 'java/lang/NoSuchMethodError': Method sun.misc.Unsafe.defineClass(Ljava/lang/String;[BII)Ljava/lang/Class; name or signature does not match> (0x00000000eab12160) thrown at [D:\re\workspace\8-2-build-windows-amd64-cygwin\jdk8u25\1677\hotspot\srNö½ï~À?
Event: 0.129 Thread 0x00000000022fe000 Exception <a 'java/lang/NoSuchMethodError': Method sun.misc.Unsafe.prefetchRead(Ljava/lang/Object;J)V name or signature does not match> (0x00000000eab123f0) thrown at [D:\re\workspace\8-2-build-windows-amd64-cygwin\jdk8u25\1677\hotspot\src\share\vm\prims\jbõ	Ô{ý,@
Event: 14.495 Thread 0x00000000022fe000 Implicit null exception at 0x0000000002dab7d2 to 0x0000000002dab8d1

Events (10 events):
Event: 17.642 Thread 0x00000000022fe000 DEOPT PACKING pc=0x0000000002fcc920 sp=0x000000000271ec60
Event: 17.642 Thread 0x00000000022fe000 DEOPT UNPACKING pc=0x0000000002a3556a sp=0x000000000271ec20 mode 2
Event: 17.647 Thread 0x00000000022fe000 Uncommon trap: trap_request=0xffffffb5 fr.pc=0x0000000002fbe190
Event: 17.647 Thread 0x00000000022fe000 DEOPT PACKING pc=0x0000000002fbe190 sp=0x000000000271ea80
Event: 17.647 Thread 0x00000000022fe000 DEOPT UNPACKING pc=0x0000000002a3556a sp=0x000000000271ea10 mode 2
Event: 17.754 Thread 0x00000000022fe000 Uncommon trap: trap_request=0xffffffad fr.pc=0x00000000030194b4
Event: 17.754 Thread 0x00000000022fe000 DEOPT PACKING pc=0x00000000030194b4 sp=0x000000000271de40
Event: 17.754 Thread 0x00000000022fe000 DEOPT UNPACKING pc=0x0000000002a3556a sp=0x000000000271dd30 mode 2
Event: 17.880 Executing VM operation: ParallelGCFailedAllocation
Event: 19.049 Executing VM operation: ParallelGCFailedAllocation done


Dynamic libraries:
0x000000013fe10000 - 0x000000013fe44000 	C:\PROGRA~1\Java\JDK18~1.0_2\bin\java.exe
0x0000000077490000 - 0x0000000077639000 	C:\Windows\SYSTEM32\ntdll.dll
0x0000000077270000 - 0x000000007738f000 	C:\Windows\system32\kernel32.dll
0x000007fefd5a0000 - 0x000007fefd60c000 	C:\Windows\system32\KERNELBASE.dll
0x000007fefe000000 - 0x000007fefe0db000 	C:\Windows\system32\ADVAPI32.dll
0x000007fefdf50000 - 0x000007fefdfef000 	C:\Windows\system32\msvcrt.dll
0x000007fefda40000 - 0x000007fefda5f000 	C:\Windows\SYSTEM32\sechost.dll
0x000007fefdd50000 - 0x000007fefde7d000 	C:\Windows\system32\RPCRT4.dll
0x0000000077390000 - 0x000000007748a000 	C:\Windows\system32\USER32.dll
0x000007feff480000 - 0x000007feff4e7000 	C:\Windows\system32\GDI32.dll
0x000007fefdff0000 - 0x000007fefdffe000 	C:\Windows\system32\LPK.dll
0x000007fefdc00000 - 0x000007fefdcc9000 	C:\Windows\system32\USP10.dll
0x000007fefb790000 - 0x000007fefb984000 	C:\Windows\WinSxS\amd64_microsoft.windows.common-controls_6595b64144ccf1df_6.0.7601.17514_none_fa396087175ac9ac\COMCTL32.dll
0x000007fefda70000 - 0x000007fefdae1000 	C:\Windows\system32\SHLWAPI.dll
0x000007fefdf20000 - 0x000007fefdf4e000 	C:\Windows\system32\IMM32.DLL
0x000007fefdaf0000 - 0x000007fefdbf9000 	C:\Windows\system32\MSCTF.dll
0x000000006c950000 - 0x000000006ca22000 	C:\PROGRA~1\Java\JDK18~1.0_2\jre\bin\msvcr100.dll
0x000000006a7d0000 - 0x000000006b02a000 	C:\PROGRA~1\Java\JDK18~1.0_2\jre\bin\server\jvm.dll
0x000007fefaee0000 - 0x000007fefaee9000 	C:\Windows\system32\WSOCK32.dll
0x000007fefe640000 - 0x000007fefe68d000 	C:\Windows\system32\WS2_32.dll
0x000007fefda60000 - 0x000007fefda68000 	C:\Windows\system32\NSI.dll
0x000007fefbc80000 - 0x000007fefbcbb000 	C:\Windows\system32\WINMM.dll
0x0000000077660000 - 0x0000000077667000 	C:\Windows\system32\PSAPI.DLL
0x0000000074da0000 - 0x0000000074daf000 	C:\PROGRA~1\Java\JDK18~1.0_2\jre\bin\verify.dll
0x0000000072610000 - 0x0000000072638000 	C:\PROGRA~1\Java\JDK18~1.0_2\jre\bin\java.dll
0x0000000074d80000 - 0x0000000074d96000 	C:\PROGRA~1\Java\JDK18~1.0_2\jre\bin\zip.dll
0x000007fefe690000 - 0x000007feff418000 	C:\Windows\system32\SHELL32.dll
0x000007feff590000 - 0x000007feff793000 	C:\Windows\system32\ole32.dll
0x000007fefd250000 - 0x000007fefd25f000 	C:\Windows\system32\profapi.dll

VM Arguments:
jvm_args: -Xmx1024M -Xss1m -Djava.ext.dirs=C:\Users\Admin\AppData\Local\Android\sdk\build-tools\21.1.1\lib 
java_command: C:\Users\Admin\AppData\Local\Android\sdk\build-tools\21.1.1\lib\dx.jar --dex --output C:\Users\Admin\StudioProjects\EuroMaidan\app\build\intermediates\pre-dexed\debug\classes-38bd71d8c358585bc27703c75d64bef5e090b5c7.jar C:\Users\Admin\StudioProjects\EuroMaidan\app\build\intermediates\exploded-aar\com.android.support\support-v4\21.0.2\classes.jar
java_class_path (initial): C:\Users\Admin\AppData\Local\Android\sdk\build-tools\21.1.1\lib\dx.jar
Launcher Type: SUN_STANDARD

Environment Variables:
JAVA_HOME=C:\Program Files\Java\jdk1.8.0_25
PATH=C:\ProgramData\Oracle\Java\javapath;C:\Windows\system32;C:\Windows;C:\Windows\System32\Wbem;C:\Windows\System32\WindowsPowerShell\v1.0\;C:\Program Files (x86)\ATI Technologies\ATI.ACE\Core-Static;C:\Program Files (x86)\Common Files\Adobe\AGL;C:\Program Files (x86)\Git\cmd
USERNAME=Admin
OS=Windows_NT
PROCESSOR_IDENTIFIER=Intel64 Family 6 Model 37 Stepping 2, GenuineIntel



---------------  S Y S T E M  ---------------

OS: Windows 7 , 64 bit Build 7601 Service Pack 1

CPU:total 4 (2 cores per cpu, 2 threads per core) family 6 model 37 stepping 2, cmov, cx8, fxsr, mmx, sse, sse2, sse3, ssse3, sse4.1, sse4.2, popcnt, ht, tsc, tscinvbit

Memory: 4k page, physical 3987312k(787876k free), swap 3985448k(5156k free)

vm_info: Java HotSpot(TM) 64-Bit Server VM (25.25-b02) for windows-amd64 JRE (1.8.0_25-b18), built on Oct  7 2014 14:25:37 by "java_re" with MS VC++ 10.0 (VS2010)

time: Fri Dec 26 14:50:51 2014
elapsed time: 19 seconds (0d 0h 0m 19s)

