#
# There is insufficient memory for the Java Runtime Environment to continue.
# Native memory allocation (malloc) failed to allocate 32744 bytes for ChunkPool::allocate
# Possible reasons:
#   The system is out of physical RAM or swap space
#   In 32 bit mode, the process size limit was hit
# Possible solutions:
#   Reduce memory load on the system
#   Increase physical memory or swap space
#   Check if swap backing store is full
#   Use 64 bit Java on a 64 bit OS
#   Decrease Java heap size (-Xmx/-Xms)
#   Decrease number of Java threads
#   Decrease Java thread stack sizes (-Xss)
#   Set larger code cache with -XX:ReservedCodeCacheSize=
# This output file may be truncated or incomplete.
#
#  Out of Memory Error (allocation.cpp:273), pid=5524, tid=1868
#
# JRE version: Java(TM) SE Runtime Environment (8.0_25-b18) (build 1.8.0_25-b18)
# Java VM: Java HotSpot(TM) 64-Bit Server VM (25.25-b02 mixed mode windows-amd64 compressed oops)
# Failed to write core dump. Minidumps are not enabled by default on client versions of Windows
#

---------------  T H R E A D  ---------------

Current thread (0x0000000054e5c800):  JavaThread "C2 CompilerThread0" daemon [_thread_in_vm, id=1868, stack(0x00000000565e0000,0x00000000566e0000)]

Stack: [0x00000000565e0000,0x00000000566e0000]
Native frames: (J=compiled Java code, j=interpreted, Vv=VM code, C=native code)
V  [jvm.dll+0x31667a]


---------------  P R O C E S S  ---------------

Java Threads: ( => current thread )
  0x00000000569bb000 JavaThread "Service Thread" daemon [_thread_blocked, id=2292, stack(0x0000000056ea0000,0x0000000056fa0000)]
  0x0000000054e66000 JavaThread "C1 CompilerThread2" daemon [_thread_blocked, id=4464, stack(0x0000000056020000,0x0000000056120000)]
  0x0000000054e64000 JavaThread "C2 CompilerThread1" daemon [_thread_blocked, id=4468, stack(0x0000000056840000,0x0000000056940000)]
=>0x0000000054e5c800 JavaThread "C2 CompilerThread0" daemon [_thread_in_vm, id=1868, stack(0x00000000565e0000,0x00000000566e0000)]
  0x0000000054e6f000 JavaThread "Attach Listener" daemon [_thread_blocked, id=4344, stack(0x00000000566e0000,0x00000000567e0000)]
  0x0000000054e6b800 JavaThread "Signal Dispatcher" daemon [_thread_blocked, id=1908, stack(0x0000000056480000,0x0000000056580000)]
  0x0000000054dfe000 JavaThread "Finalizer" daemon [_thread_blocked, id=5208, stack(0x0000000056360000,0x0000000056460000)]
  0x0000000054dfb000 JavaThread "Reference Handler" daemon [_thread_blocked, id=2240, stack(0x0000000056120000,0x0000000056220000)]
  0x00000000022cd800 JavaThread "main" [_thread_in_native, id=2688, stack(0x0000000002410000,0x0000000002510000)]

Other Threads:
  0x0000000054df5000 VMThread [stack: 0x0000000055f20000,0x0000000056020000] [id=2844]

VM state:not at safepoint (normal execution)

VM Mutex/Monitor currently owned by a thread: None

Heap:
 PSYoungGen      total 18432K, used 952K [0x00000000ebb80000, 0x00000000ed000000, 0x0000000100000000)
  eden space 15872K, 6% used [0x00000000ebb80000,0x00000000ebc6e268,0x00000000ecb00000)
  from space 2560K, 0% used [0x00000000ecd80000,0x00000000ecd80000,0x00000000ed000000)
  to   space 2560K, 0% used [0x00000000ecb00000,0x00000000ecb00000,0x00000000ecd80000)
 ParOldGen       total 42496K, used 0K [0x00000000c3200000, 0x00000000c5b80000, 0x00000000ebb80000)
  object space 42496K, 0% used [0x00000000c3200000,0x00000000c3200000,0x00000000c5b80000)
 Metaspace       used 2140K, capacity 4480K, committed 4480K, reserved 1056768K
  class space    used 235K, capacity 384K, committed 384K, reserved 1048576K

Card table byte_map: [0x0000000011ba0000,0x0000000011d90000] byte_map_base: 0x0000000011587000

Marking Bits: (ParMarkBitMap*) 0x000000006afad490
 Begin Bits: [0x0000000012410000, 0x0000000013348000)
 End Bits:   [0x0000000013348000, 0x0000000014280000)

Polling page: 0x0000000000230000

CodeCache: size=245760Kb used=1056Kb max_used=1065Kb free=244703Kb
 bounds [0x00000000027e0000, 0x0000000002a50000, 0x00000000117e0000]
 total_blobs=214 nmethods=3 adapters=131
 compilation: enabled

Compilation events (5 events):
Event: 0.253 Thread 0x0000000054e66000    1       3       java.lang.String::hashCode (55 bytes)
Event: 0.254 Thread 0x0000000054e66000 nmethod 1 0x00000000028e0e10 code [0x00000000028e0f80, 0x00000000028e1210]
Event: 0.256 Thread 0x0000000054e66000    2       1       java.lang.ref.Reference::get (5 bytes)
Event: 0.256 Thread 0x0000000054e66000 nmethod 2 0x00000000028dee50 code [0x00000000028defa0, 0x00000000028df0b0]
Event: 0.256 Thread 0x0000000054e66000    3       3       java.lang.String::equals (81 bytes)

GC Heap History (0 events):
No events

Deoptimization events (0 events):
No events

Internal exceptions (2 events):
Event: 0.181 Thread 0x00000000022cd800 Exception <a 'java/lang/NoSuchMethodError': Method sun.misc.Unsafe.defineClass(Ljava/lang/String;[BII)Ljava/lang/Class; name or signature does not match> (0x00000000ebb92160) thrown at [D:\re\workspace\8-2-build-windows-amd64-cygwin\jdk8u25\1677\hotspot\srm›VÄ¤#Ç?
Event: 0.181 Thread 0x00000000022cd800 Exception <a 'java/lang/NoSuchMethodError': Method sun.misc.Unsafe.prefetchRead(Ljava/lang/Object;J)V name or signature does not match> (0x00000000ebb923f0) thrown at [D:\re\workspace\8-2-build-windows-amd64-cygwin\jdk8u25\1677\hotspot\src\share\vm\prims\j

Events (10 events):
Event: 0.254 loading class java/lang/invoke/Invokers done
Event: 0.254 loading class java/lang/invoke/MethodType$ConcurrentWeakInternSet$WeakEntry
Event: 0.254 loading class java/lang/invoke/MethodType$ConcurrentWeakInternSet$WeakEntry done
Event: 0.254 loading class java/lang/Void
Event: 0.254 loading class java/lang/Void done
Event: 0.255 loading class java/lang/IllegalAccessException
Event: 0.255 loading class java/lang/IllegalAccessException done
Event: 0.256 Thread 0x00000000569bb000 Thread added: 0x00000000569bb000
Event: 0.256 loading class sun/misc/PostVMInitHook
Event: 0.257 loading class sun/misc/PostVMInitHook done


Dynamic libraries:
0x000000013fe10000 - 0x000000013fe44000 	C:\Program Files\Java\jdk1.8.0_25\bin\java.exe
0x0000000077490000 - 0x0000000077639000 	C:\Windows\SYSTEM32\ntdll.dll
0x0000000077270000 - 0x000000007738f000 	C:\Windows\system32\kernel32.dll
0x000007fefd5a0000 - 0x000007fefd60c000 	C:\Windows\system32\KERNELBASE.dll
0x000007fefe000000 - 0x000007fefe0db000 	C:\Windows\system32\ADVAPI32.dll
0x000007fefdf50000 - 0x000007fefdfef000 	C:\Windows\system32\msvcrt.dll
0x000007fefda40000 - 0x000007fefda5f000 	C:\Windows\SYSTEM32\sechost.dll
0x000007fefdd50000 - 0x000007fefde7d000 	C:\Windows\system32\RPCRT4.dll
0x0000000077390000 - 0x000000007748a000 	C:\Windows\system32\USER32.dll
0x000007feff480000 - 0x000007feff4e7000 	C:\Windows\system32\GDI32.dll
0x000007fefdff0000 - 0x000007fefdffe000 	C:\Windows\system32\LPK.dll
0x000007fefdc00000 - 0x000007fefdcc9000 	C:\Windows\system32\USP10.dll
0x000007fefb790000 - 0x000007fefb984000 	C:\Windows\WinSxS\amd64_microsoft.windows.common-controls_6595b64144ccf1df_6.0.7601.17514_none_fa396087175ac9ac\COMCTL32.dll
0x000007fefda70000 - 0x000007fefdae1000 	C:\Windows\system32\SHLWAPI.dll
0x000007fefdf20000 - 0x000007fefdf4e000 	C:\Windows\system32\IMM32.DLL
0x000007fefdaf0000 - 0x000007fefdbf9000 	C:\Windows\system32\MSCTF.dll
0x000000006c950000 - 0x000000006ca22000 	C:\Program Files\Java\jdk1.8.0_25\jre\bin\msvcr100.dll
0x000000006a7d0000 - 0x000000006b02a000 	C:\Program Files\Java\jdk1.8.0_25\jre\bin\server\jvm.dll
0x000007fefaee0000 - 0x000007fefaee9000 	C:\Windows\system32\WSOCK32.dll
0x000007fefe640000 - 0x000007fefe68d000 	C:\Windows\system32\WS2_32.dll
0x000007fefda60000 - 0x000007fefda68000 	C:\Windows\system32\NSI.dll
0x000007fefbc80000 - 0x000007fefbcbb000 	C:\Windows\system32\WINMM.dll
0x0000000077660000 - 0x0000000077667000 	C:\Windows\system32\PSAPI.DLL
0x0000000074da0000 - 0x0000000074daf000 	C:\Program Files\Java\jdk1.8.0_25\jre\bin\verify.dll
0x0000000072610000 - 0x0000000072638000 	C:\Program Files\Java\jdk1.8.0_25\jre\bin\java.dll
0x0000000074d80000 - 0x0000000074d96000 	C:\Program Files\Java\jdk1.8.0_25\jre\bin\zip.dll
0x000007fefe690000 - 0x000007feff418000 	C:\Windows\system32\SHELL32.dll
0x000007feff590000 - 0x000007feff793000 	C:\Windows\system32\ole32.dll
0x000007fefd250000 - 0x000007fefd25f000 	C:\Windows\system32\profapi.dll

VM Arguments:
java_command: <unknown>
java_class_path (initial): .
Launcher Type: SUN_STANDARD

Environment Variables:
JAVA_HOME=C:\Program Files\Java\jdk1.8.0_25
PATH=C:\ProgramData\Oracle\Java\javapath;C:\Windows\system32;C:\Windows;C:\Windows\System32\Wbem;C:\Windows\System32\WindowsPowerShell\v1.0\;C:\Program Files (x86)\ATI Technologies\ATI.ACE\Core-Static;C:\Program Files (x86)\Common Files\Adobe\AGL;C:\Program Files (x86)\Git\cmd
USERNAME=Admin
OS=Windows_NT
PROCESSOR_IDENTIFIER=Intel64 Family 6 Model 37 Stepping 2, GenuineIntel



---------------  S Y S T E M  ---------------

OS: Windows 7 , 64 bit Build 7601 Service Pack 1

CPU:total 4 (2 cores per cpu, 2 threads per core) family 6 model 37 stepping 2, cmov, cx8, fxsr, mmx, sse, sse2, sse3, ssse3, sse4.1, sse4.2, popcnt, ht, tsc, tscinvbit

Memory: 4k page, physical 3987312k(804460k free), swap 3985448k(4828k free)

vm_info: Java HotSpot(TM) 64-Bit Server VM (25.25-b02) for windows-amd64 JRE (1.8.0_25-b18), built on Oct  7 2014 14:25:37 by "java_re" with MS VC++ 10.0 (VS2010)

time: Fri Dec 26 14:52:30 2014
elapsed time: 0 seconds (0d 0h 0m 0s)

