#
# There is insufficient memory for the Java Runtime Environment to continue.
# Native memory allocation (malloc) failed to allocate 706336 bytes for Chunk::new
# Possible reasons:
#   The system is out of physical RAM or swap space
#   In 32 bit mode, the process size limit was hit
# Possible solutions:
#   Reduce memory load on the system
#   Increase physical memory or swap space
#   Check if swap backing store is full
#   Use 64 bit Java on a 64 bit OS
#   Decrease Java heap size (-Xmx/-Xms)
#   Decrease number of Java threads
#   Decrease Java thread stack sizes (-Xss)
#   Set larger code cache with -XX:ReservedCodeCacheSize=
# This output file may be truncated or incomplete.
#
#  Out of Memory Error (allocation.cpp:390), pid=3356, tid=2216
#
# JRE version: Java(TM) SE Runtime Environment (8.0_25-b18) (build 1.8.0_25-b18)
# Java VM: Java HotSpot(TM) 64-Bit Server VM (25.25-b02 mixed mode windows-amd64 compressed oops)
# Failed to write core dump. Minidumps are not enabled by default on client versions of Windows
#

---------------  T H R E A D  ---------------

Current thread (0x0000000054fbc800):  JavaThread "C2 CompilerThread1" daemon [_thread_in_native, id=2216, stack(0x0000000056180000,0x0000000056280000)]

Stack: [0x0000000056180000,0x0000000056280000]
Native frames: (J=compiled Java code, j=interpreted, Vv=VM code, C=native code)
V  [jvm.dll+0x31667a]


Current CompileTask:
C2:   2970 1226       4       com.android.dx.ssa.SCCP::simulateStmt (481 bytes)


---------------  P R O C E S S  ---------------

Java Threads: ( => current thread )
  0x0000000056bdb000 JavaThread "Service Thread" daemon [_thread_blocked, id=4952, stack(0x0000000056920000,0x0000000056a20000)]
  0x0000000054fbe800 JavaThread "C1 CompilerThread2" daemon [_thread_blocked, id=6036, stack(0x0000000056a70000,0x0000000056b70000)]
=>0x0000000054fbc800 JavaThread "C2 CompilerThread1" daemon [_thread_in_native, id=2216, stack(0x0000000056180000,0x0000000056280000)]
  0x0000000054fb7000 JavaThread "C2 CompilerThread0" daemon [_thread_blocked, id=2588, stack(0x00000000567d0000,0x00000000568d0000)]
  0x0000000054fb3800 JavaThread "Attach Listener" daemon [_thread_blocked, id=1540, stack(0x00000000566c0000,0x00000000567c0000)]
  0x0000000054fb0800 JavaThread "Signal Dispatcher" daemon [_thread_blocked, id=1208, stack(0x0000000056580000,0x0000000056680000)]
  0x0000000054f4e800 JavaThread "Finalizer" daemon [_thread_blocked, id=5992, stack(0x0000000056400000,0x0000000056500000)]
  0x0000000054f4b000 JavaThread "Reference Handler" daemon [_thread_blocked, id=3856, stack(0x00000000562b0000,0x00000000563b0000)]
  0x000000000228e000 JavaThread "main" [_thread_blocked, id=4672, stack(0x00000000024f0000,0x00000000025f0000)]

Other Threads:
  0x0000000054f45800 VMThread [stack: 0x0000000056060000,0x0000000056160000] [id=2324]
  0x0000000056bde800 WatcherThread [stack: 0x00000000570b0000,0x00000000571b0000] [id=5316]

VM state:not at safepoint (normal execution)

VM Mutex/Monitor currently owned by a thread: None

Heap:
 PSYoungGen      total 18432K, used 12872K [0x00000000eab00000, 0x00000000ecf00000, 0x0000000100000000)
  eden space 15872K, 65% used [0x00000000eab00000,0x00000000eb513728,0x00000000eba80000)
  from space 2560K, 99% used [0x00000000eba80000,0x00000000ebcfea98,0x00000000ebd00000)
  to   space 2560K, 0% used [0x00000000ecc80000,0x00000000ecc80000,0x00000000ecf00000)
 ParOldGen       total 42496K, used 1622K [0x00000000c0000000, 0x00000000c2980000, 0x00000000eab00000)
  object space 42496K, 3% used [0x00000000c0000000,0x00000000c0195ba0,0x00000000c2980000)
 Metaspace       used 5507K, capacity 6896K, committed 7040K, reserved 1056768K
  class space    used 542K, capacity 616K, committed 640K, reserved 1048576K

Card table byte_map: [0x0000000011c80000,0x0000000011e90000] byte_map_base: 0x0000000011680000

Marking Bits: (ParMarkBitMap*) 0x000000006afad490
 Begin Bits: [0x00000000123c0000, 0x00000000133c0000)
 End Bits:   [0x00000000133c0000, 0x00000000143c0000)

Polling page: 0x0000000000130000

CodeCache: size=245760Kb used=4829Kb max_used=4836Kb free=240930Kb
 bounds [0x00000000028c0000, 0x0000000002d80000, 0x00000000118c0000]
 total_blobs=1484 nmethods=1225 adapters=174
 compilation: enabled

Compilation events (10 events):
Event: 2.830 Thread 0x0000000054fbc800 nmethod 1225 0x0000000002d7c110 code [0x0000000002d7c240, 0x0000000002d7c398]
Event: 2.830 Thread 0x0000000054fbc800 1224       4       java.util.AbstractCollection::<init> (5 bytes)
Event: 2.830 Thread 0x0000000054fbe800 nmethod 1232 0x0000000002d7bb10 code [0x0000000002d7bc80, 0x0000000002d7c008]
Event: 2.830 Thread 0x0000000054fbe800 1233       3       com.android.dx.rop.cst.CstNat::getFieldType (11 bytes)
Event: 2.830 Thread 0x0000000054fbe800 nmethod 1233 0x0000000002d7b6d0 code [0x0000000002d7b840, 0x0000000002d7ba68]
Event: 2.831 Thread 0x0000000054fbc800 nmethod 1224 0x0000000002d68950 code [0x0000000002d68a80, 0x0000000002d68ad8]
Event: 2.831 Thread 0x0000000054fbc800 1228       4       com.android.dx.rop.code.RegisterSpec::makeLocalOptional (7 bytes)
Event: 2.831 Thread 0x0000000054fbc800 nmethod 1228 0x0000000002d7c450 code [0x0000000002d7c5a0, 0x0000000002d7c608]
Event: 2.831 Thread 0x0000000054fbc800 1226       4       com.android.dx.ssa.SCCP::simulateStmt (481 bytes)
Event: 2.835 Thread 0x0000000054fb7000 nmethod 1227 0x0000000002d7a550 code [0x0000000002d7a7e0, 0x0000000002d7afa0]

GC Heap History (2 events):
Event: 2.047 GC heap before
{Heap before GC invocations=1 (full 0):
 PSYoungGen      total 18432K, used 15872K [0x00000000eab00000, 0x00000000ebf80000, 0x0000000100000000)
  eden space 15872K, 100% used [0x00000000eab00000,0x00000000eba80000,0x00000000eba80000)
  from space 2560K, 0% used [0x00000000ebd00000,0x00000000ebd00000,0x00000000ebf80000)
  to   space 2560K, 0% used [0x00000000eba80000,0x00000000eba80000,0x00000000ebd00000)
 ParOldGen       total 42496K, used 0K [0x00000000c0000000, 0x00000000c2980000, 0x00000000eab00000)
  object space 42496K, 0% used [0x00000000c0000000,0x00000000c0000000,0x00000000c2980000)
 Metaspace       used 5342K, capacity 6768K, committed 7040K, reserved 1056768K
  class space    used 542K, capacity 616K, committed 640K, reserved 1048576K
Event: 2.326 GC heap after
Heap after GC invocations=1 (full 0):
 PSYoungGen      total 18432K, used 2554K [0x00000000eab00000, 0x00000000ecf00000, 0x0000000100000000)
  eden space 15872K, 0% used [0x00000000eab00000,0x00000000eab00000,0x00000000eba80000)
  from space 2560K, 99% used [0x00000000eba80000,0x00000000ebcfea98,0x00000000ebd00000)
  to   space 2560K, 0% used [0x00000000ecc80000,0x00000000ecc80000,0x00000000ecf00000)
 ParOldGen       total 42496K, used 1622K [0x00000000c0000000, 0x00000000c2980000, 0x00000000eab00000)
  object space 42496K, 3% used [0x00000000c0000000,0x00000000c0195ba0,0x00000000c2980000)
 Metaspace       used 5342K, capacity 6768K, committed 7040K, reserved 1056768K
  class space    used 542K, capacity 616K, committed 640K, reserved 1048576K
}

Deoptimization events (4 events):
Event: 1.891 Thread 0x000000000228e000 Uncommon trap: reason=null_check action=make_not_entrant pc=0x0000000002b940d0 method=com.android.dx.rop.type.Type.equals(Ljava/lang/Object;)Z @ 8
Event: 1.901 Thread 0x000000000228e000 Uncommon trap: reason=bimorphic action=maybe_recompile pc=0x0000000002afd58c method=java.util.HashMap.getNode(ILjava/lang/Object;)Ljava/util/HashMap$Node; @ 126
Event: 1.934 Thread 0x000000000228e000 Uncommon trap: reason=unreached action=reinterpret pc=0x0000000002c0b884 method=com.android.dx.rop.code.LocalItem.hashCode()I @ 25
Event: 2.595 Thread 0x000000000228e000 Uncommon trap: reason=null_check action=make_not_entrant pc=0x0000000002bed55c method=com.android.dx.ssa.SsaRenamer.getLocalForNewReg(I)Lcom/android/dx/rop/code/LocalItem; @ 19

Internal exceptions (4 events):
Event: 0.120 Thread 0x000000000228e000 Exception <a 'java/lang/NoSuchMethodError': Method sun.misc.Unsafe.defineClass(Ljava/lang/String;[BII)Ljava/lang/Class; name or signature does not match> (0x00000000eab12160) thrown at [D:\re\workspace\8-2-build-windows-amd64-cygwin\jdk8u25\1677\hotspot\srèA◊Ì
≠æ?
Event: 0.120 Thread 0x000000000228e000 Exception <a 'java/lang/NoSuchMethodError': Method sun.misc.Unsafe.prefetchRead(Ljava/lang/Object;J)V name or signature does not match> (0x00000000eab123f0) thrown at [D:\re\workspace\8-2-build-windows-amd64-cygwin\jdk8u25\1677\hotspot\src\share\vm\prims\j]âB]C˛?
Event: 1.891 Thread 0x000000000228e000 Implicit null exception at 0x0000000002b93fd2 to 0x0000000002b940c2
Event: 2.587 Thread 0x000000000228e000 Implicit null exception at 0x0000000002beb614 to 0x0000000002bed535

Events (10 events):
Event: 1.934 Thread 0x000000000228e000 Uncommon trap: trap_request=0xffffffad fr.pc=0x0000000002c0b884
Event: 1.934 Thread 0x000000000228e000 DEOPT PACKING pc=0x0000000002c0b884 sp=0x00000000025ee120
Event: 1.934 Thread 0x000000000228e000 DEOPT UNPACKING pc=0x000000000290556a sp=0x00000000025edf88 mode 2
Event: 2.046 Executing VM operation: ParallelGCFailedAllocation
Event: 2.326 Executing VM operation: ParallelGCFailedAllocation done
Event: 2.338 loading class sun/misc/Cleaner
Event: 2.338 loading class sun/misc/Cleaner done
Event: 2.587 Thread 0x000000000228e000 Uncommon trap: trap_request=0xfffffff4 fr.pc=0x0000000002bed55c
Event: 2.595 Thread 0x000000000228e000 DEOPT PACKING pc=0x0000000002bed55c sp=0x00000000025ee750
Event: 2.595 Thread 0x000000000228e000 DEOPT UNPACKING pc=0x000000000290556a sp=0x00000000025ee588 mode 2


Dynamic libraries:
0x000000013fe10000 - 0x000000013fe44000 	C:\PROGRA~1\Java\JDK18~1.0_2\bin\java.exe
0x0000000077490000 - 0x0000000077639000 	C:\Windows\SYSTEM32\ntdll.dll
0x0000000077270000 - 0x000000007738f000 	C:\Windows\system32\kernel32.dll
0x000007fefd5a0000 - 0x000007fefd60c000 	C:\Windows\system32\KERNELBASE.dll
0x000007fefe000000 - 0x000007fefe0db000 	C:\Windows\system32\ADVAPI32.dll
0x000007fefdf50000 - 0x000007fefdfef000 	C:\Windows\system32\msvcrt.dll
0x000007fefda40000 - 0x000007fefda5f000 	C:\Windows\SYSTEM32\sechost.dll
0x000007fefdd50000 - 0x000007fefde7d000 	C:\Windows\system32\RPCRT4.dll
0x0000000077390000 - 0x000000007748a000 	C:\Windows\system32\USER32.dll
0x000007feff480000 - 0x000007feff4e7000 	C:\Windows\system32\GDI32.dll
0x000007fefdff0000 - 0x000007fefdffe000 	C:\Windows\system32\LPK.dll
0x000007fefdc00000 - 0x000007fefdcc9000 	C:\Windows\system32\USP10.dll
0x000007fefb790000 - 0x000007fefb984000 	C:\Windows\WinSxS\amd64_microsoft.windows.common-controls_6595b64144ccf1df_6.0.7601.17514_none_fa396087175ac9ac\COMCTL32.dll
0x000007fefda70000 - 0x000007fefdae1000 	C:\Windows\system32\SHLWAPI.dll
0x000007fefdf20000 - 0x000007fefdf4e000 	C:\Windows\system32\IMM32.DLL
0x000007fefdaf0000 - 0x000007fefdbf9000 	C:\Windows\system32\MSCTF.dll
0x000000006c950000 - 0x000000006ca22000 	C:\PROGRA~1\Java\JDK18~1.0_2\jre\bin\msvcr100.dll
0x000000006a7d0000 - 0x000000006b02a000 	C:\PROGRA~1\Java\JDK18~1.0_2\jre\bin\server\jvm.dll
0x000007fefaee0000 - 0x000007fefaee9000 	C:\Windows\system32\WSOCK32.dll
0x000007fefe640000 - 0x000007fefe68d000 	C:\Windows\system32\WS2_32.dll
0x000007fefda60000 - 0x000007fefda68000 	C:\Windows\system32\NSI.dll
0x000007fefbc80000 - 0x000007fefbcbb000 	C:\Windows\system32\WINMM.dll
0x0000000077660000 - 0x0000000077667000 	C:\Windows\system32\PSAPI.DLL
0x0000000074da0000 - 0x0000000074daf000 	C:\PROGRA~1\Java\JDK18~1.0_2\jre\bin\verify.dll
0x0000000072610000 - 0x0000000072638000 	C:\PROGRA~1\Java\JDK18~1.0_2\jre\bin\java.dll
0x0000000074d80000 - 0x0000000074d96000 	C:\PROGRA~1\Java\JDK18~1.0_2\jre\bin\zip.dll
0x000007fefe690000 - 0x000007feff418000 	C:\Windows\system32\SHELL32.dll
0x000007feff590000 - 0x000007feff793000 	C:\Windows\system32\ole32.dll
0x000007fefd250000 - 0x000007fefd25f000 	C:\Windows\system32\profapi.dll

VM Arguments:
jvm_args: -Xmx1024M -Xss1m -Djava.ext.dirs=C:\Users\Admin\AppData\Local\Android\sdk\build-tools\21.1.1\lib 
java_command: C:\Users\Admin\AppData\Local\Android\sdk\build-tools\21.1.1\lib\dx.jar --dex --output C:\Users\Admin\StudioProjects\EuroMaidan\app\build\intermediates\pre-dexed\debug\universal-image-loader-1.9.3-15bf629af4e8f4b7751c0568954fc431b2435fd9.jar C:\Users\Admin\.gradle\caches\modules-2\files-2.1\com.nostra13.universalimageloader\universal-image-loader\1.9.3\a85588bec3e2c4584d593d3f15df1677321bca72\universal-image-loader-1.9.3.jar
java_class_path (initial): C:\Users\Admin\AppData\Local\Android\sdk\build-tools\21.1.1\lib\dx.jar
Launcher Type: SUN_STANDARD

Environment Variables:
JAVA_HOME=C:\Program Files\Java\jdk1.8.0_25
PATH=C:\ProgramData\Oracle\Java\javapath;C:\Windows\system32;C:\Windows;C:\Windows\System32\Wbem;C:\Windows\System32\WindowsPowerShell\v1.0\;C:\Program Files (x86)\ATI Technologies\ATI.ACE\Core-Static;C:\Program Files (x86)\Common Files\Adobe\AGL;C:\Program Files (x86)\Git\cmd
USERNAME=Admin
OS=Windows_NT
PROCESSOR_IDENTIFIER=Intel64 Family 6 Model 37 Stepping 2, GenuineIntel



---------------  S Y S T E M  ---------------

OS: Windows 7 , 64 bit Build 7601 Service Pack 1

CPU:total 4 (2 cores per cpu, 2 threads per core) family 6 model 37 stepping 2, cmov, cx8, fxsr, mmx, sse, sse2, sse3, ssse3, sse4.1, sse4.2, popcnt, ht, tsc, tscinvbit

Memory: 4k page, physical 3987312k(790472k free), swap 3985448k(5188k free)

vm_info: Java HotSpot(TM) 64-Bit Server VM (25.25-b02) for windows-amd64 JRE (1.8.0_25-b18), built on Oct  7 2014 14:25:37 by "java_re" with MS VC++ 10.0 (VS2010)

time: Fri Dec 26 14:52:00 2014
elapsed time: 2 seconds (0d 0h 0m 2s)

