#
# There is insufficient memory for the Java Runtime Environment to continue.
# Native memory allocation (malloc) failed to allocate 232304 bytes for Chunk::new
# Possible reasons:
#   The system is out of physical RAM or swap space
#   In 32 bit mode, the process size limit was hit
# Possible solutions:
#   Reduce memory load on the system
#   Increase physical memory or swap space
#   Check if swap backing store is full
#   Use 64 bit Java on a 64 bit OS
#   Decrease Java heap size (-Xmx/-Xms)
#   Decrease number of Java threads
#   Decrease Java thread stack sizes (-Xss)
#   Set larger code cache with -XX:ReservedCodeCacheSize=
# This output file may be truncated or incomplete.
#
#  Out of Memory Error (allocation.cpp:390), pid=5876, tid=1052
#
# JRE version: Java(TM) SE Runtime Environment (8.0_25-b18) (build 1.8.0_25-b18)
# Java VM: Java HotSpot(TM) 64-Bit Server VM (25.25-b02 mixed mode windows-amd64 compressed oops)
# Failed to write core dump. Minidumps are not enabled by default on client versions of Windows
#

---------------  T H R E A D  ---------------

Current thread (0x0000000055337000):  JavaThread "C2 CompilerThread0" daemon [_thread_in_native, id=1052, stack(0x0000000056c10000,0x0000000056d10000)]

Stack: [0x0000000056c10000,0x0000000056d10000]
Native frames: (J=compiled Java code, j=interpreted, Vv=VM code, C=native code)
V  [jvm.dll+0x31667a]
V  [jvm.dll+0x267073]
V  [jvm.dll+0x267cb3]
V  [jvm.dll+0x25f5b5]
V  [jvm.dll+0xbf165]
V  [jvm.dll+0xbf60c]
V  [jvm.dll+0x479017]
V  [jvm.dll+0x4462a4]
V  [jvm.dll+0x45130e]
V  [jvm.dll+0x4538f8]
V  [jvm.dll+0x437372]
V  [jvm.dll+0x98a02]
V  [jvm.dll+0x991f3]
V  [jvm.dll+0x22bde4]
V  [jvm.dll+0x2852fa]
C  [msvcr100.dll+0x21d9f]
C  [msvcr100.dll+0x21e3b]
C  [kernel32.dll+0x159ed]
C  [ntdll.dll+0x2c541]


Current CompileTask:
C2:   3435 1211       4       com.android.dx.ssa.SCCP::simulateStmt (481 bytes)


---------------  P R O C E S S  ---------------

Java Threads: ( => current thread )
  0x0000000056f0b800 JavaThread "Service Thread" daemon [_thread_blocked, id=1500, stack(0x0000000057450000,0x0000000057550000)]
  0x000000005533c800 JavaThread "C1 CompilerThread2" daemon [_thread_in_native, id=5412, stack(0x0000000056250000,0x0000000056350000)]
  0x000000005533b000 JavaThread "C2 CompilerThread1" daemon [_thread_in_native, id=5372, stack(0x0000000056da0000,0x0000000056ea0000)]
=>0x0000000055337000 JavaThread "C2 CompilerThread0" daemon [_thread_in_native, id=1052, stack(0x0000000056c10000,0x0000000056d10000)]
  0x0000000055335800 JavaThread "Attach Listener" daemon [_thread_blocked, id=1080, stack(0x0000000056ac0000,0x0000000056bc0000)]
  0x0000000055332800 JavaThread "Signal Dispatcher" daemon [_thread_blocked, id=5020, stack(0x00000000568f0000,0x00000000569f0000)]
  0x00000000552d4000 JavaThread "Finalizer" daemon [_thread_blocked, id=3300, stack(0x0000000056710000,0x0000000056810000)]
  0x00000000552cb000 JavaThread "Reference Handler" daemon [_thread_blocked, id=2880, stack(0x00000000565e0000,0x00000000566e0000)]
  0x000000000237e000 JavaThread "main" [_thread_in_vm, id=5408, stack(0x0000000002680000,0x0000000002780000)]

Other Threads:
  0x00000000552c5800 VMThread [stack: 0x00000000563d0000,0x00000000564d0000] [id=2872]
  0x0000000056f0f000 WatcherThread [stack: 0x00000000575c0000,0x00000000576c0000] [id=2752]

VM state:not at safepoint (normal execution)

VM Mutex/Monitor currently owned by a thread: None

Heap:
 PSYoungGen      total 18432K, used 12428K [0x00000000eab00000, 0x00000000ecf00000, 0x0000000100000000)
  eden space 15872K, 62% used [0x00000000eab00000,0x00000000eb4a5660,0x00000000eba80000)
  from space 2560K, 99% used [0x00000000eba80000,0x00000000ebcfdc78,0x00000000ebd00000)
  to   space 2560K, 0% used [0x00000000ecc80000,0x00000000ecc80000,0x00000000ecf00000)
 ParOldGen       total 42496K, used 1566K [0x00000000c0000000, 0x00000000c2980000, 0x00000000eab00000)
  object space 42496K, 3% used [0x00000000c0000000,0x00000000c0187ae8,0x00000000c2980000)
 Metaspace       used 5603K, capacity 6960K, committed 7040K, reserved 1056768K
  class space    used 546K, capacity 616K, committed 640K, reserved 1048576K

Card table byte_map: [0x0000000011e10000,0x0000000012020000] byte_map_base: 0x0000000011810000

Marking Bits: (ParMarkBitMap*) 0x000000006afad490
 Begin Bits: [0x0000000012740000, 0x0000000013740000)
 End Bits:   [0x0000000013740000, 0x0000000014740000)

Polling page: 0x0000000000140000

CodeCache: size=245760Kb used=5141Kb max_used=5141Kb free=240618Kb
 bounds [0x0000000002a50000, 0x0000000002f60000, 0x0000000011a50000]
 total_blobs=1522 nmethods=1263 adapters=174
 compilation: enabled

Compilation events (10 events):
Event: 3.343 Thread 0x000000005533c800 1242       3       com.android.dx.cf.direct.StdAttributeFactory::localVariableTable (98 bytes)
Event: 3.345 Thread 0x000000005533c800 nmethod 1242 0x0000000002f31950 code [0x0000000002f31c00, 0x0000000002f32cf8]
Event: 3.346 Thread 0x000000005533b000 1243       4       com.android.dx.util.ByteArray$MyInputStream::read (40 bytes)
Event: 3.347 Thread 0x000000005533c800 1244  s    3       com.android.dx.dex.file.FieldIdsSection::intern (55 bytes)
Event: 3.348 Thread 0x000000005533b000 nmethod 1243 0x0000000002f4b6d0 code [0x0000000002f4b800, 0x0000000002f4b8b8]
Event: 3.349 Thread 0x000000005533c800 nmethod 1244 0x0000000002f4a190 code [0x0000000002f4a3a0, 0x0000000002f4b048]
Event: 3.349 Thread 0x000000005533c800 1245       1       com.android.dx.dex.file.DexFile::getStringIds (5 bytes)
Event: 3.349 Thread 0x000000005533c800 nmethod 1245 0x0000000002f49ed0 code [0x0000000002f4a020, 0x0000000002f4a130]
Event: 3.350 Thread 0x000000005533c800 1246       3       com.android.dx.rop.cst.CstBaseMethodRef::getType (8 bytes)
Event: 3.351 Thread 0x000000005533c800 nmethod 1246 0x0000000002f49ad0 code [0x0000000002f49c20, 0x0000000002f49e10]

GC Heap History (2 events):
Event: 1.983 GC heap before
{Heap before GC invocations=1 (full 0):
 PSYoungGen      total 18432K, used 15872K [0x00000000eab00000, 0x00000000ebf80000, 0x0000000100000000)
  eden space 15872K, 100% used [0x00000000eab00000,0x00000000eba80000,0x00000000eba80000)
  from space 2560K, 0% used [0x00000000ebd00000,0x00000000ebd00000,0x00000000ebf80000)
  to   space 2560K, 0% used [0x00000000eba80000,0x00000000eba80000,0x00000000ebd00000)
 ParOldGen       total 42496K, used 0K [0x00000000c0000000, 0x00000000c2980000, 0x00000000eab00000)
  object space 42496K, 0% used [0x00000000c0000000,0x00000000c0000000,0x00000000c2980000)
 Metaspace       used 5408K, capacity 6768K, committed 7040K, reserved 1056768K
  class space    used 541K, capacity 616K, committed 640K, reserved 1048576K
Event: 2.389 GC heap after
Heap after GC invocations=1 (full 0):
 PSYoungGen      total 18432K, used 2551K [0x00000000eab00000, 0x00000000ecf00000, 0x0000000100000000)
  eden space 15872K, 0% used [0x00000000eab00000,0x00000000eab00000,0x00000000eba80000)
  from space 2560K, 99% used [0x00000000eba80000,0x00000000ebcfdc78,0x00000000ebd00000)
  to   space 2560K, 0% used [0x00000000ecc80000,0x00000000ecc80000,0x00000000ecf00000)
 ParOldGen       total 42496K, used 1566K [0x00000000c0000000, 0x00000000c2980000, 0x00000000eab00000)
  object space 42496K, 3% used [0x00000000c0000000,0x00000000c0187ae8,0x00000000c2980000)
 Metaspace       used 5408K, capacity 6768K, committed 7040K, reserved 1056768K
  class space    used 541K, capacity 616K, committed 640K, reserved 1048576K
}

Deoptimization events (7 events):
Event: 2.419 Thread 0x000000000237e000 Uncommon trap: reason=unreached action=reinterpret pc=0x0000000002e029ec method=com.android.dx.rop.code.LocalItem.hashCode()I @ 25
Event: 2.419 Thread 0x000000000237e000 Uncommon trap: reason=unreached action=reinterpret pc=0x0000000002db0c58 method=com.android.dx.rop.code.LocalItem.hashCode()I @ 25
Event: 2.452 Thread 0x000000000237e000 Uncommon trap: reason=class_check action=maybe_recompile pc=0x0000000002dc3c5c method=com.android.dx.rop.type.Type.equals(Ljava/lang/Object;)Z @ 8
Event: 2.455 Thread 0x000000000237e000 Uncommon trap: reason=class_check action=maybe_recompile pc=0x0000000002dc3c5c method=com.android.dx.rop.type.Type.equals(Ljava/lang/Object;)Z @ 8
Event: 2.936 Thread 0x000000000237e000 Uncommon trap: reason=class_check action=maybe_recompile pc=0x0000000002db4890 method=com.android.dx.rop.type.Type.equals(Ljava/lang/Object;)Z @ 8
Event: 2.940 Thread 0x000000000237e000 Uncommon trap: reason=null_check action=make_not_entrant pc=0x0000000002db48a0 method=com.android.dx.rop.type.Type.equals(Ljava/lang/Object;)Z @ 8
Event: 3.160 Thread 0x000000000237e000 Uncommon trap: reason=unreached action=reinterpret pc=0x0000000002ea3d0c method=com.android.dx.ssa.SsaMethod.updateOneDefinition(Lcom/android/dx/ssa/SsaInsn;Lcom/android/dx/rop/code/RegisterSpec;)V @ 4

Internal exceptions (3 events):
Event: 0.066 Thread 0x000000000237e000 Exception <a 'java/lang/NoSuchMethodError': Method sun.misc.Unsafe.defineClass(Ljava/lang/String;[BII)Ljava/lang/Class; name or signature does not match> (0x00000000eab12160) thrown at [D:\re\workspace\8-2-build-windows-amd64-cygwin\jdk8u25\1677\hotspot\srã@fšåÙ°?
Event: 0.066 Thread 0x000000000237e000 Exception <a 'java/lang/NoSuchMethodError': Method sun.misc.Unsafe.prefetchRead(Ljava/lang/Object;J)V name or signature does not match> (0x00000000eab123f0) thrown at [D:\re\workspace\8-2-build-windows-amd64-cygwin\jdk8u25\1677\hotspot\src\share\vm\prims\j{úÅµ„@
Event: 2.940 Thread 0x000000000237e000 Implicit null exception at 0x0000000002db4792 to 0x0000000002db4891

Events (10 events):
Event: 2.936 Thread 0x000000000237e000 DEOPT PACKING pc=0x0000000002db4890 sp=0x000000000277e210
Event: 2.936 Thread 0x000000000237e000 DEOPT UNPACKING pc=0x0000000002a9556a sp=0x000000000277e1b8 mode 2
Event: 2.940 Thread 0x000000000237e000 Uncommon trap: trap_request=0xfffffff4 fr.pc=0x0000000002db48a0
Event: 2.940 Thread 0x000000000237e000 DEOPT PACKING pc=0x0000000002db48a0 sp=0x000000000277e1b0
Event: 2.940 Thread 0x000000000237e000 DEOPT UNPACKING pc=0x0000000002a9556a sp=0x000000000277e158 mode 2
Event: 3.159 loading class com/android/dx/rop/code/RegOps
Event: 3.159 loading class com/android/dx/rop/code/RegOps done
Event: 3.160 Thread 0x000000000237e000 Uncommon trap: trap_request=0xffffffad fr.pc=0x0000000002ea3d0c
Event: 3.160 Thread 0x000000000237e000 DEOPT PACKING pc=0x0000000002ea3d0c sp=0x000000000277e320
Event: 3.160 Thread 0x000000000237e000 DEOPT UNPACKING pc=0x0000000002a9556a sp=0x000000000277e2c8 mode 2


Dynamic libraries:
0x000000013fe10000 - 0x000000013fe44000 	C:\PROGRA~1\Java\JDK18~1.0_2\bin\java.exe
0x0000000077490000 - 0x0000000077639000 	C:\Windows\SYSTEM32\ntdll.dll
0x0000000077270000 - 0x000000007738f000 	C:\Windows\system32\kernel32.dll
0x000007fefd5a0000 - 0x000007fefd60c000 	C:\Windows\system32\KERNELBASE.dll
0x000007fefe000000 - 0x000007fefe0db000 	C:\Windows\system32\ADVAPI32.dll
0x000007fefdf50000 - 0x000007fefdfef000 	C:\Windows\system32\msvcrt.dll
0x000007fefda40000 - 0x000007fefda5f000 	C:\Windows\SYSTEM32\sechost.dll
0x000007fefdd50000 - 0x000007fefde7d000 	C:\Windows\system32\RPCRT4.dll
0x0000000077390000 - 0x000000007748a000 	C:\Windows\system32\USER32.dll
0x000007feff480000 - 0x000007feff4e7000 	C:\Windows\system32\GDI32.dll
0x000007fefdff0000 - 0x000007fefdffe000 	C:\Windows\system32\LPK.dll
0x000007fefdc00000 - 0x000007fefdcc9000 	C:\Windows\system32\USP10.dll
0x000007fefb790000 - 0x000007fefb984000 	C:\Windows\WinSxS\amd64_microsoft.windows.common-controls_6595b64144ccf1df_6.0.7601.17514_none_fa396087175ac9ac\COMCTL32.dll
0x000007fefda70000 - 0x000007fefdae1000 	C:\Windows\system32\SHLWAPI.dll
0x000007fefdf20000 - 0x000007fefdf4e000 	C:\Windows\system32\IMM32.DLL
0x000007fefdaf0000 - 0x000007fefdbf9000 	C:\Windows\system32\MSCTF.dll
0x000000006c950000 - 0x000000006ca22000 	C:\PROGRA~1\Java\JDK18~1.0_2\jre\bin\msvcr100.dll
0x000000006a7d0000 - 0x000000006b02a000 	C:\PROGRA~1\Java\JDK18~1.0_2\jre\bin\server\jvm.dll
0x000007fefaee0000 - 0x000007fefaee9000 	C:\Windows\system32\WSOCK32.dll
0x000007fefe640000 - 0x000007fefe68d000 	C:\Windows\system32\WS2_32.dll
0x000007fefda60000 - 0x000007fefda68000 	C:\Windows\system32\NSI.dll
0x000007fefbc80000 - 0x000007fefbcbb000 	C:\Windows\system32\WINMM.dll
0x0000000077660000 - 0x0000000077667000 	C:\Windows\system32\PSAPI.DLL
0x0000000074da0000 - 0x0000000074daf000 	C:\PROGRA~1\Java\JDK18~1.0_2\jre\bin\verify.dll
0x0000000072610000 - 0x0000000072638000 	C:\PROGRA~1\Java\JDK18~1.0_2\jre\bin\java.dll
0x0000000074d80000 - 0x0000000074d96000 	C:\PROGRA~1\Java\JDK18~1.0_2\jre\bin\zip.dll
0x000007fefe690000 - 0x000007feff418000 	C:\Windows\system32\SHELL32.dll
0x000007feff590000 - 0x000007feff793000 	C:\Windows\system32\ole32.dll
0x000007fefd250000 - 0x000007fefd25f000 	C:\Windows\system32\profapi.dll
0x000007fef99b0000 - 0x000007fef9ad5000 	C:\Windows\system32\dbghelp.dll

VM Arguments:
jvm_args: -Xmx1024M -Xss1m -Djava.ext.dirs=C:\Users\Admin\AppData\Local\Android\sdk\build-tools\21.1.1\lib 
java_command: C:\Users\Admin\AppData\Local\Android\sdk\build-tools\21.1.1\lib\dx.jar --dex --output C:\Users\Admin\StudioProjects\EuroMaidan\app\build\intermediates\pre-dexed\debug\classes-38bd71d8c358585bc27703c75d64bef5e090b5c7.jar C:\Users\Admin\StudioProjects\EuroMaidan\app\build\intermediates\exploded-aar\com.android.support\support-v4\21.0.2\classes.jar
java_class_path (initial): C:\Users\Admin\AppData\Local\Android\sdk\build-tools\21.1.1\lib\dx.jar
Launcher Type: SUN_STANDARD

Environment Variables:
JAVA_HOME=C:\Program Files\Java\jdk1.8.0_25
PATH=C:\ProgramData\Oracle\Java\javapath;C:\Windows\system32;C:\Windows;C:\Windows\System32\Wbem;C:\Windows\System32\WindowsPowerShell\v1.0\;C:\Program Files (x86)\ATI Technologies\ATI.ACE\Core-Static;C:\Program Files (x86)\Common Files\Adobe\AGL;C:\Program Files (x86)\Git\cmd
USERNAME=Admin
OS=Windows_NT
PROCESSOR_IDENTIFIER=Intel64 Family 6 Model 37 Stepping 2, GenuineIntel



---------------  S Y S T E M  ---------------

OS: Windows 7 , 64 bit Build 7601 Service Pack 1

CPU:total 4 (2 cores per cpu, 2 threads per core) family 6 model 37 stepping 2, cmov, cx8, fxsr, mmx, sse, sse2, sse3, ssse3, sse4.1, sse4.2, popcnt, ht, tsc, tscinvbit

Memory: 4k page, physical 3987312k(789260k free), swap 3985448k(4740k free)

vm_info: Java HotSpot(TM) 64-Bit Server VM (25.25-b02) for windows-amd64 JRE (1.8.0_25-b18), built on Oct  7 2014 14:25:37 by "java_re" with MS VC++ 10.0 (VS2010)

time: Fri Dec 26 14:52:00 2014
elapsed time: 3 seconds (0d 0h 0m 3s)

