#
# There is insufficient memory for the Java Runtime Environment to continue.
# Native memory allocation (malloc) failed to allocate 315056 bytes for Chunk::new
# Possible reasons:
#   The system is out of physical RAM or swap space
#   In 32 bit mode, the process size limit was hit
# Possible solutions:
#   Reduce memory load on the system
#   Increase physical memory or swap space
#   Check if swap backing store is full
#   Use 64 bit Java on a 64 bit OS
#   Decrease Java heap size (-Xmx/-Xms)
#   Decrease number of Java threads
#   Decrease Java thread stack sizes (-Xss)
#   Set larger code cache with -XX:ReservedCodeCacheSize=
# This output file may be truncated or incomplete.
#
#  Out of Memory Error (allocation.cpp:390), pid=3204, tid=4100
#
# JRE version: Java(TM) SE Runtime Environment (8.0_25-b18) (build 1.8.0_25-b18)
# Java VM: Java HotSpot(TM) 64-Bit Server VM (25.25-b02 mixed mode windows-amd64 compressed oops)
# Failed to write core dump. Minidumps are not enabled by default on client versions of Windows
#

---------------  T H R E A D  ---------------

Current thread (0x0000000055149800):  JavaThread "C2 CompilerThread1" daemon [_thread_in_native, id=4100, stack(0x00000000568b0000,0x00000000569b0000)]

Stack: [0x00000000568b0000,0x00000000569b0000]
Native frames: (J=compiled Java code, j=interpreted, Vv=VM code, C=native code)
V  [jvm.dll+0x31667a]


Current CompileTask:
C2:  19165 1437   !   4       com.android.dx.cf.code.BytecodeArray::parseInstruction (2764 bytes)


---------------  P R O C E S S  ---------------

Java Threads: ( => current thread )
  0x0000000056c93800 JavaThread "Service Thread" daemon [_thread_blocked, id=4892, stack(0x00000000570d0000,0x00000000571d0000)]
  0x000000005514a800 JavaThread "C1 CompilerThread2" daemon [_thread_blocked, id=4668, stack(0x0000000056b30000,0x0000000056c30000)]
=>0x0000000055149800 JavaThread "C2 CompilerThread1" daemon [_thread_in_native, id=4100, stack(0x00000000568b0000,0x00000000569b0000)]
  0x0000000055147000 JavaThread "C2 CompilerThread0" daemon [_thread_in_native, id=5768, stack(0x0000000056730000,0x0000000056830000)]
  0x0000000055143800 JavaThread "Attach Listener" daemon [_thread_blocked, id=2012, stack(0x0000000056600000,0x0000000056700000)]
  0x0000000055140800 JavaThread "Signal Dispatcher" daemon [_thread_blocked, id=4708, stack(0x0000000055f30000,0x0000000056030000)]
  0x00000000550de800 JavaThread "Finalizer" daemon [_thread_blocked, id=2312, stack(0x0000000056460000,0x0000000056560000)]
  0x00000000550db000 JavaThread "Reference Handler" daemon [_thread_blocked, id=4672, stack(0x0000000056300000,0x0000000056400000)]
  0x00000000004be000 JavaThread "main" [_thread_in_native, id=3236, stack(0x0000000002490000,0x0000000002590000)]

Other Threads:
  0x00000000550d5800 VMThread [stack: 0x00000000560d0000,0x00000000561d0000] [id=4092]
  0x0000000056caf000 WatcherThread [stack: 0x00000000571f0000,0x00000000572f0000] [id=6024]

VM state:not at safepoint (normal execution)

VM Mutex/Monitor currently owned by a thread: None

Heap:
 PSYoungGen      total 34304K, used 23283K [0x00000000eab00000, 0x00000000ecf00000, 0x0000000100000000)
  eden space 31744K, 65% used [0x00000000eab00000,0x00000000ebf442d8,0x00000000eca00000)
  from space 2560K, 98% used [0x00000000ecc80000,0x00000000ecef8bc8,0x00000000ecf00000)
  to   space 2560K, 0% used [0x00000000eca00000,0x00000000eca00000,0x00000000ecc80000)
 ParOldGen       total 42496K, used 3550K [0x00000000c0000000, 0x00000000c2980000, 0x00000000eab00000)
  object space 42496K, 8% used [0x00000000c0000000,0x00000000c0377aa0,0x00000000c2980000)
 Metaspace       used 5721K, capacity 7024K, committed 7296K, reserved 1056768K
  class space    used 543K, capacity 616K, committed 640K, reserved 1048576K

Card table byte_map: [0x0000000011c20000,0x0000000011e30000] byte_map_base: 0x0000000011620000

Marking Bits: (ParMarkBitMap*) 0x000000006afad490
 Begin Bits: [0x0000000012550000, 0x0000000013550000)
 End Bits:   [0x0000000013550000, 0x0000000014550000)

Polling page: 0x0000000000440000

CodeCache: size=245760Kb used=6178Kb max_used=6188Kb free=239581Kb
 bounds [0x0000000002860000, 0x0000000002e70000, 0x0000000011860000]
 total_blobs=1778 nmethods=1518 adapters=174
 compilation: enabled

Compilation events (10 events):
Event: 18.872 Thread 0x0000000055147000 nmethod 1481 0x0000000002e5f390 code [0x0000000002e5f560, 0x0000000002e602d8]
Event: 18.872 Thread 0x0000000055147000 1350       4       com.android.dx.ssa.Dominators$DfsWalker::visitBlock (59 bytes)
Event: 18.917 Thread 0x0000000055147000 nmethod 1350 0x0000000002e6f210 code [0x0000000002e6f3a0, 0x0000000002e6f908]
Event: 19.009 Thread 0x000000005514a800 1530       2       com.android.dx.rop.code.Rops::opPutField (97 bytes)
Event: 19.009 Thread 0x0000000055147000 1531   !   4       com.android.dx.rop.type.Type::intern (319 bytes)
Event: 19.010 Thread 0x000000005514a800 nmethod 1530 0x0000000002e64450 code [0x0000000002e64620, 0x0000000002e64b58]
Event: 19.012 Thread 0x000000005514a800 1534       1       com.android.dx.rop.cst.CstKnownNull::getType (4 bytes)
Event: 19.012 Thread 0x000000005514a800 nmethod 1534 0x0000000002e5f0d0 code [0x0000000002e5f220, 0x0000000002e5f330]
Event: 19.109 Thread 0x0000000055147000 

Event: 19.109 Thread 0x0000000055147000 1532       4       com.android.dx.ssa.SsaRenamer$BlockRenamer::processResultReg (56 bytes)

GC Heap History (4 events):
Event: 5.325 GC heap before
{Heap before GC invocations=1 (full 0):
 PSYoungGen      total 18432K, used 15872K [0x00000000eab00000, 0x00000000ebf80000, 0x0000000100000000)
  eden space 15872K, 100% used [0x00000000eab00000,0x00000000eba80000,0x00000000eba80000)
  from space 2560K, 0% used [0x00000000ebd00000,0x00000000ebd00000,0x00000000ebf80000)
  to   space 2560K, 0% used [0x00000000eba80000,0x00000000eba80000,0x00000000ebd00000)
 ParOldGen       total 42496K, used 0K [0x00000000c0000000, 0x00000000c2980000, 0x00000000eab00000)
  object space 42496K, 0% used [0x00000000c0000000,0x00000000c0000000,0x00000000c2980000)
 Metaspace       used 5430K, capacity 6832K, committed 7040K, reserved 1056768K
  class space    used 542K, capacity 616K, committed 640K, reserved 1048576K
Event: 13.964 GC heap after
Heap after GC invocations=1 (full 0):
 PSYoungGen      total 18432K, used 2557K [0x00000000eab00000, 0x00000000ecf00000, 0x0000000100000000)
  eden space 15872K, 0% used [0x00000000eab00000,0x00000000eab00000,0x00000000eba80000)
  from space 2560K, 99% used [0x00000000eba80000,0x00000000ebcff638,0x00000000ebd00000)
  to   space 2560K, 0% used [0x00000000ecc80000,0x00000000ecc80000,0x00000000ecf00000)
 ParOldGen       total 42496K, used 1593K [0x00000000c0000000, 0x00000000c2980000, 0x00000000eab00000)
  object space 42496K, 3% used [0x00000000c0000000,0x00000000c018e798,0x00000000c2980000)
 Metaspace       used 5430K, capacity 6832K, committed 7040K, reserved 1056768K
  class space    used 542K, capacity 616K, committed 640K, reserved 1048576K
}
Event: 15.431 GC heap before
{Heap before GC invocations=2 (full 0):
 PSYoungGen      total 18432K, used 18429K [0x00000000eab00000, 0x00000000ecf00000, 0x0000000100000000)
  eden space 15872K, 100% used [0x00000000eab00000,0x00000000eba80000,0x00000000eba80000)
  from space 2560K, 99% used [0x00000000eba80000,0x00000000ebcff638,0x00000000ebd00000)
  to   space 2560K, 0% used [0x00000000ecc80000,0x00000000ecc80000,0x00000000ecf00000)
 ParOldGen       total 42496K, used 1593K [0x00000000c0000000, 0x00000000c2980000, 0x00000000eab00000)
  object space 42496K, 3% used [0x00000000c0000000,0x00000000c018e798,0x00000000c2980000)
 Metaspace       used 5589K, capacity 6960K, committed 7040K, reserved 1056768K
  class space    used 542K, capacity 616K, committed 640K, reserved 1048576K
Event: 16.682 GC heap after
Heap after GC invocations=2 (full 0):
 PSYoungGen      total 34304K, used 2530K [0x00000000eab00000, 0x00000000ecf00000, 0x0000000100000000)
  eden space 31744K, 0% used [0x00000000eab00000,0x00000000eab00000,0x00000000eca00000)
  from space 2560K, 98% used [0x00000000ecc80000,0x00000000ecef8bc8,0x00000000ecf00000)
  to   space 2560K, 0% used [0x00000000eca00000,0x00000000eca00000,0x00000000ecc80000)
 ParOldGen       total 42496K, used 3550K [0x00000000c0000000, 0x00000000c2980000, 0x00000000eab00000)
  object space 42496K, 8% used [0x00000000c0000000,0x00000000c0377aa0,0x00000000c2980000)
 Metaspace       used 5589K, capacity 6960K, committed 7040K, reserved 1056768K
  class space    used 542K, capacity 616K, committed 640K, reserved 1048576K
}

Deoptimization events (2 events):
Event: 5.175 Thread 0x00000000004be000 Uncommon trap: reason=unreached action=reinterpret pc=0x0000000002c0d9c4 method=com.android.dx.rop.cst.Constant.compareTo(Lcom/android/dx/rop/cst/Constant;)I @ 12
Event: 5.293 Thread 0x00000000004be000 Uncommon trap: reason=bimorphic action=maybe_recompile pc=0x0000000002baf204 method=java.util.HashMap.getNode(ILjava/lang/Object;)Ljava/util/HashMap$Node; @ 126

Internal exceptions (2 events):
Event: 0.151 Thread 0x00000000004be000 Exception <a 'java/lang/NoSuchMethodError': Method sun.misc.Unsafe.defineClass(Ljava/lang/String;[BII)Ljava/lang/Class; name or signature does not match> (0x00000000eab12160) thrown at [D:\re\workspace\8-2-build-windows-amd64-cygwin\jdk8u25\1677\hotspot\srþëºý<bÃ?
Event: 0.151 Thread 0x00000000004be000 Exception <a 'java/lang/NoSuchMethodError': Method sun.misc.Unsafe.prefetchRead(Ljava/lang/Object;J)V name or signature does not match> (0x00000000eab123f0) thrown at [D:\re\workspace\8-2-build-windows-amd64-cygwin\jdk8u25\1677\hotspot\src\share\vm\prims\j

Events (10 events):
Event: 15.431 Executing VM operation: ParallelGCFailedAllocation
Event: 16.682 Executing VM operation: ParallelGCFailedAllocation done
Event: 18.544 loading class com/android/dx/cf/code/SwitchList
Event: 18.544 loading class com/android/dx/cf/code/SwitchList done
Event: 18.559 Thread 0x00000000004be000 DEOPT PACKING pc=0x0000000002b9f014 sp=0x000000000258e620
Event: 18.559 Thread 0x00000000004be000 DEOPT UNPACKING pc=0x00000000028a71bf sp=0x000000000258e3e8 mode 0
Event: 18.596 loading class com/android/dx/cf/attrib/AttRuntimeInvisibleAnnotations
Event: 18.596 loading class com/android/dx/cf/attrib/AttRuntimeInvisibleAnnotations done
Event: 18.731 Thread 0x00000000004be000 DEOPT PACKING pc=0x0000000002b9f014 sp=0x000000000258e600
Event: 18.731 Thread 0x00000000004be000 DEOPT UNPACKING pc=0x00000000028a71bf sp=0x000000000258e3c8 mode 0


Dynamic libraries:
0x000000013fe10000 - 0x000000013fe44000 	C:\PROGRA~1\Java\JDK18~1.0_2\bin\java.exe
0x0000000077490000 - 0x0000000077639000 	C:\Windows\SYSTEM32\ntdll.dll
0x0000000077270000 - 0x000000007738f000 	C:\Windows\system32\kernel32.dll
0x000007fefd5a0000 - 0x000007fefd60c000 	C:\Windows\system32\KERNELBASE.dll
0x000007fefe000000 - 0x000007fefe0db000 	C:\Windows\system32\ADVAPI32.dll
0x000007fefdf50000 - 0x000007fefdfef000 	C:\Windows\system32\msvcrt.dll
0x000007fefda40000 - 0x000007fefda5f000 	C:\Windows\SYSTEM32\sechost.dll
0x000007fefdd50000 - 0x000007fefde7d000 	C:\Windows\system32\RPCRT4.dll
0x0000000077390000 - 0x000000007748a000 	C:\Windows\system32\USER32.dll
0x000007feff480000 - 0x000007feff4e7000 	C:\Windows\system32\GDI32.dll
0x000007fefdff0000 - 0x000007fefdffe000 	C:\Windows\system32\LPK.dll
0x000007fefdc00000 - 0x000007fefdcc9000 	C:\Windows\system32\USP10.dll
0x000007fefb790000 - 0x000007fefb984000 	C:\Windows\WinSxS\amd64_microsoft.windows.common-controls_6595b64144ccf1df_6.0.7601.17514_none_fa396087175ac9ac\COMCTL32.dll
0x000007fefda70000 - 0x000007fefdae1000 	C:\Windows\system32\SHLWAPI.dll
0x000007fefdf20000 - 0x000007fefdf4e000 	C:\Windows\system32\IMM32.DLL
0x000007fefdaf0000 - 0x000007fefdbf9000 	C:\Windows\system32\MSCTF.dll
0x000000006c950000 - 0x000000006ca22000 	C:\PROGRA~1\Java\JDK18~1.0_2\jre\bin\msvcr100.dll
0x000000006a7d0000 - 0x000000006b02a000 	C:\PROGRA~1\Java\JDK18~1.0_2\jre\bin\server\jvm.dll
0x000007fefaee0000 - 0x000007fefaee9000 	C:\Windows\system32\WSOCK32.dll
0x000007fefe640000 - 0x000007fefe68d000 	C:\Windows\system32\WS2_32.dll
0x000007fefda60000 - 0x000007fefda68000 	C:\Windows\system32\NSI.dll
0x000007fefbc80000 - 0x000007fefbcbb000 	C:\Windows\system32\WINMM.dll
0x0000000077660000 - 0x0000000077667000 	C:\Windows\system32\PSAPI.DLL
0x0000000074da0000 - 0x0000000074daf000 	C:\PROGRA~1\Java\JDK18~1.0_2\jre\bin\verify.dll
0x0000000072610000 - 0x0000000072638000 	C:\PROGRA~1\Java\JDK18~1.0_2\jre\bin\java.dll
0x0000000074d80000 - 0x0000000074d96000 	C:\PROGRA~1\Java\JDK18~1.0_2\jre\bin\zip.dll
0x000007fefe690000 - 0x000007feff418000 	C:\Windows\system32\SHELL32.dll
0x000007feff590000 - 0x000007feff793000 	C:\Windows\system32\ole32.dll
0x000007fefd250000 - 0x000007fefd25f000 	C:\Windows\system32\profapi.dll

VM Arguments:
jvm_args: -Xmx1024M -Xss1m -Djava.ext.dirs=C:\Users\Admin\AppData\Local\Android\sdk\build-tools\21.1.1\lib 
java_command: C:\Users\Admin\AppData\Local\Android\sdk\build-tools\21.1.1\lib\dx.jar --dex --output C:\Users\Admin\StudioProjects\EuroMaidan\app\build\intermediates\pre-dexed\debug\universal-image-loader-1.9.3-15bf629af4e8f4b7751c0568954fc431b2435fd9.jar C:\Users\Admin\.gradle\caches\modules-2\files-2.1\com.nostra13.universalimageloader\universal-image-loader\1.9.3\a85588bec3e2c4584d593d3f15df1677321bca72\universal-image-loader-1.9.3.jar
java_class_path (initial): C:\Users\Admin\AppData\Local\Android\sdk\build-tools\21.1.1\lib\dx.jar
Launcher Type: SUN_STANDARD

Environment Variables:
JAVA_HOME=C:\Program Files\Java\jdk1.8.0_25
PATH=C:\ProgramData\Oracle\Java\javapath;C:\Windows\system32;C:\Windows;C:\Windows\System32\Wbem;C:\Windows\System32\WindowsPowerShell\v1.0\;C:\Program Files (x86)\ATI Technologies\ATI.ACE\Core-Static;C:\Program Files (x86)\Common Files\Adobe\AGL;C:\Program Files (x86)\Git\cmd
USERNAME=Admin
OS=Windows_NT
PROCESSOR_IDENTIFIER=Intel64 Family 6 Model 37 Stepping 2, GenuineIntel



---------------  S Y S T E M  ---------------

OS: Windows 7 , 64 bit Build 7601 Service Pack 1

CPU:total 4 (2 cores per cpu, 2 threads per core) family 6 model 37 stepping 2, cmov, cx8, fxsr, mmx, sse, sse2, sse3, ssse3, sse4.1, sse4.2, popcnt, ht, tsc, tscinvbit

Memory: 4k page, physical 3987312k(788056k free), swap 3985448k(5136k free)

vm_info: Java HotSpot(TM) 64-Bit Server VM (25.25-b02) for windows-amd64 JRE (1.8.0_25-b18), built on Oct  7 2014 14:25:37 by "java_re" with MS VC++ 10.0 (VS2010)

time: Fri Dec 26 14:50:51 2014
elapsed time: 19 seconds (0d 0h 0m 19s)

