#
# There is insufficient memory for the Java Runtime Environment to continue.
# Native memory allocation (malloc) failed to allocate 1075024 bytes for Chunk::new
# Possible reasons:
#   The system is out of physical RAM or swap space
#   In 32 bit mode, the process size limit was hit
# Possible solutions:
#   Reduce memory load on the system
#   Increase physical memory or swap space
#   Check if swap backing store is full
#   Use 64 bit Java on a 64 bit OS
#   Decrease Java heap size (-Xmx/-Xms)
#   Decrease number of Java threads
#   Decrease Java thread stack sizes (-Xss)
#   Set larger code cache with -XX:ReservedCodeCacheSize=
# This output file may be truncated or incomplete.
#
#  Out of Memory Error (allocation.cpp:390), pid=1116, tid=4816
#
# JRE version: Java(TM) SE Runtime Environment (8.0_25-b18) (build 1.8.0_25-b18)
# Java VM: Java HotSpot(TM) 64-Bit Server VM (25.25-b02 mixed mode windows-amd64 compressed oops)
# Failed to write core dump. Minidumps are not enabled by default on client versions of Windows
#

---------------  T H R E A D  ---------------

Current thread (0x0000000055297000):  JavaThread "C2 CompilerThread0" daemon [_thread_in_native, id=4816, stack(0x0000000056720000,0x0000000056820000)]

Stack: [0x0000000056720000,0x0000000056820000]
Native frames: (J=compiled Java code, j=interpreted, Vv=VM code, C=native code)
V  [jvm.dll+0x31667a]


Current CompileTask:
C2:   4358 2342       4       com.android.dx.merge.IndexMap$EncodedValueTransformer::transform (495 bytes)


---------------  P R O C E S S  ---------------

Java Threads: ( => current thread )
  0x0000000056cf5800 JavaThread "Service Thread" daemon [_thread_blocked, id=4796, stack(0x0000000056a00000,0x0000000056b00000)]
  0x000000005529e800 JavaThread "C1 CompilerThread2" daemon [_thread_blocked, id=1264, stack(0x0000000056b80000,0x0000000056c80000)]
  0x000000005529c800 JavaThread "C2 CompilerThread1" daemon [_thread_in_native, id=1932, stack(0x00000000568a0000,0x00000000569a0000)]
=>0x0000000055297000 JavaThread "C2 CompilerThread0" daemon [_thread_in_native, id=4816, stack(0x0000000056720000,0x0000000056820000)]
  0x0000000055293800 JavaThread "Attach Listener" daemon [_thread_blocked, id=3476, stack(0x00000000565a0000,0x00000000566a0000)]
  0x0000000055290800 JavaThread "Signal Dispatcher" daemon [_thread_blocked, id=5300, stack(0x00000000563e0000,0x00000000564e0000)]
  0x0000000055234000 JavaThread "Finalizer" daemon [_thread_blocked, id=2328, stack(0x00000000560c0000,0x00000000561c0000)]
  0x000000005522b000 JavaThread "Reference Handler" daemon [_thread_blocked, id=5368, stack(0x00000000562e0000,0x00000000563e0000)]
  0x000000000228e000 JavaThread "main" [_thread_in_Java, id=3796, stack(0x00000000024a0000,0x00000000025a0000)]

Other Threads:
  0x0000000055225800 VMThread [stack: 0x00000000561d0000,0x00000000562d0000] [id=5228]
  0x0000000056d09000 WatcherThread [stack: 0x0000000057080000,0x0000000057180000] [id=1180]

VM state:not at safepoint (normal execution)

VM Mutex/Monitor currently owned by a thread: None

Heap:
 PSYoungGen      total 74752K, used 11807K [0x00000000eab00000, 0x00000000f3e00000, 0x0000000100000000)
  eden space 63488K, 1% used [0x00000000eab00000,0x00000000eac3c868,0x00000000ee900000)
  from space 11264K, 93% used [0x00000000ee900000,0x00000000ef34b648,0x00000000ef400000)
  to   space 11776K, 0% used [0x00000000f3280000,0x00000000f3280000,0x00000000f3e00000)
 ParOldGen       total 42496K, used 31146K [0x00000000c0000000, 0x00000000c2980000, 0x00000000eab00000)
  object space 42496K, 73% used [0x00000000c0000000,0x00000000c1e6aad8,0x00000000c2980000)
 Metaspace       used 7155K, capacity 7640K, committed 7936K, reserved 1056768K
  class space    used 698K, capacity 720K, committed 768K, reserved 1048576K

Card table byte_map: [0x0000000011c30000,0x0000000011e40000] byte_map_base: 0x0000000011630000

Marking Bits: (ParMarkBitMap*) 0x000000006afad490
 Begin Bits: [0x00000000126a0000, 0x00000000136a0000)
 End Bits:   [0x00000000136a0000, 0x00000000146a0000)

Polling page: 0x0000000000340000

CodeCache: size=245760Kb used=7760Kb max_used=7771Kb free=237999Kb
 bounds [0x0000000002870000, 0x0000000003010000, 0x0000000011870000]
 total_blobs=2606 nmethods=2323 adapters=198
 compilation: enabled

Compilation events (10 events):
Event: 4.272 Thread 0x000000005529e800 2367       2       java.util.HashMap$TreeNode::getTreeNode (22 bytes)
Event: 4.273 Thread 0x000000005529e800 nmethod 2367 0x0000000003002250 code [0x00000000030023c0, 0x00000000030025a8]
Event: 4.280 Thread 0x000000005529c800 nmethod 2305 0x0000000003005cd0 code [0x0000000003006220, 0x0000000003008e88]
Event: 4.280 Thread 0x000000005529c800 2315       4       com.android.dx.merge.SortableType$1::compare (13 bytes)
Event: 4.282 Thread 0x000000005529c800 nmethod 2315 0x0000000002ff7f50 code [0x0000000002ff80a0, 0x0000000002ff81b8]
Event: 4.282 Thread 0x000000005529c800 2316       4       com.android.dex.Dex$Section::readCode (136 bytes)
Event: 4.319 Thread 0x000000005529e800 2373       1       com.android.dx.io.instructions.FiveRegisterDecodedInstruction::getRegisterCount (2 bytes)
Event: 4.319 Thread 0x000000005529e800 nmethod 2373 0x0000000002ff2350 code [0x0000000002ff24a0, 0x0000000002ff25b0]
Event: 4.352 Thread 0x000000005529e800 2374       2       java.util.concurrent.ConcurrentHashMap::get (162 bytes)
Event: 4.353 Thread 0x000000005529e800 nmethod 2374 0x0000000003005290 code [0x0000000003005440, 0x0000000003005938]

GC Heap History (10 events):
Event: 2.082 GC heap before
{Heap before GC invocations=3 (full 0):
 PSYoungGen      total 18432K, used 18414K [0x00000000eab00000, 0x00000000ecf00000, 0x0000000100000000)
  eden space 15872K, 100% used [0x00000000eab00000,0x00000000eba80000,0x00000000eba80000)
  from space 2560K, 99% used [0x00000000ebd00000,0x00000000ebf7ba58,0x00000000ebf80000)
  to   space 2560K, 0% used [0x00000000eba80000,0x00000000eba80000,0x00000000ebd00000)
 ParOldGen       total 42496K, used 9963K [0x00000000c0000000, 0x00000000c2980000, 0x00000000eab00000)
  object space 42496K, 23% used [0x00000000c0000000,0x00000000c09bae38,0x00000000c2980000)
 Metaspace       used 5090K, capacity 6544K, committed 6784K, reserved 1056768K
  class space    used 499K, capacity 584K, committed 640K, reserved 1048576K
Event: 2.119 GC heap after
Heap after GC invocations=3 (full 0):
 PSYoungGen      total 18432K, used 2544K [0x00000000eab00000, 0x00000000ecf00000, 0x0000000100000000)
  eden space 15872K, 0% used [0x00000000eab00000,0x00000000eab00000,0x00000000eba80000)
  from space 2560K, 99% used [0x00000000eba80000,0x00000000ebcfc020,0x00000000ebd00000)
  to   space 2560K, 0% used [0x00000000ecc80000,0x00000000ecc80000,0x00000000ecf00000)
 ParOldGen       total 42496K, used 17582K [0x00000000c0000000, 0x00000000c2980000, 0x00000000eab00000)
  object space 42496K, 41% used [0x00000000c0000000,0x00000000c112bbd0,0x00000000c2980000)
 Metaspace       used 5090K, capacity 6544K, committed 6784K, reserved 1056768K
  class space    used 499K, capacity 584K, committed 640K, reserved 1048576K
}
Event: 2.879 GC heap before
{Heap before GC invocations=4 (full 0):
 PSYoungGen      total 18432K, used 18416K [0x00000000eab00000, 0x00000000ecf00000, 0x0000000100000000)
  eden space 15872K, 100% used [0x00000000eab00000,0x00000000eba80000,0x00000000eba80000)
  from space 2560K, 99% used [0x00000000eba80000,0x00000000ebcfc020,0x00000000ebd00000)
  to   space 2560K, 0% used [0x00000000ecc80000,0x00000000ecc80000,0x00000000ecf00000)
 ParOldGen       total 42496K, used 17582K [0x00000000c0000000, 0x00000000c2980000, 0x00000000eab00000)
  object space 42496K, 41% used [0x00000000c0000000,0x00000000c112bbd0,0x00000000c2980000)
 Metaspace       used 5438K, capacity 6800K, committed 7040K, reserved 1056768K
  class space    used 520K, capacity 584K, committed 640K, reserved 1048576K
Event: 2.922 GC heap after
Heap after GC invocations=4 (full 0):
 PSYoungGen      total 34304K, used 2544K [0x00000000eab00000, 0x00000000ecf00000, 0x0000000100000000)
  eden space 31744K, 0% used [0x00000000eab00000,0x00000000eab00000,0x00000000eca00000)
  from space 2560K, 99% used [0x00000000ecc80000,0x00000000ecefc020,0x00000000ecf00000)
  to   space 2560K, 0% used [0x00000000eca00000,0x00000000eca00000,0x00000000ecc80000)
 ParOldGen       total 42496K, used 22537K [0x00000000c0000000, 0x00000000c2980000, 0x00000000eab00000)
  object space 42496K, 53% used [0x00000000c0000000,0x00000000c1602678,0x00000000c2980000)
 Metaspace       used 5438K, capacity 6800K, committed 7040K, reserved 1056768K
  class space    used 520K, capacity 584K, committed 640K, reserved 1048576K
}
Event: 3.741 GC heap before
{Heap before GC invocations=5 (full 0):
 PSYoungGen      total 34304K, used 34288K [0x00000000eab00000, 0x00000000ecf00000, 0x0000000100000000)
  eden space 31744K, 100% used [0x00000000eab00000,0x00000000eca00000,0x00000000eca00000)
  from space 2560K, 99% used [0x00000000ecc80000,0x00000000ecefc020,0x00000000ecf00000)
  to   space 2560K, 0% used [0x00000000eca00000,0x00000000eca00000,0x00000000ecc80000)
 ParOldGen       total 42496K, used 22537K [0x00000000c0000000, 0x00000000c2980000, 0x00000000eab00000)
  object space 42496K, 53% used [0x00000000c0000000,0x00000000c1602678,0x00000000c2980000)
 Metaspace       used 7110K, capacity 7640K, committed 7936K, reserved 1056768K
  class space    used 698K, capacity 720K, committed 768K, reserved 1048576K
Event: 3.766 GC heap after
Heap after GC invocations=5 (full 0):
 PSYoungGen      total 34304K, used 2544K [0x00000000eab00000, 0x00000000f0000000, 0x0000000100000000)
  eden space 31744K, 0% used [0x00000000eab00000,0x00000000eab00000,0x00000000eca00000)
  from space 2560K, 99% used [0x00000000eca00000,0x00000000ecc7c020,0x00000000ecc80000)
  to   space 11776K, 0% used [0x00000000ef480000,0x00000000ef480000,0x00000000f0000000)
 ParOldGen       total 42496K, used 26709K [0x00000000c0000000, 0x00000000c2980000, 0x00000000eab00000)
  object space 42496K, 62% used [0x00000000c0000000,0x00000000c1a154c0,0x00000000c2980000)
 Metaspace       used 7110K, capacity 7640K, committed 7936K, reserved 1056768K
  class space    used 698K, capacity 720K, committed 768K, reserved 1048576K
}
Event: 3.974 GC heap before
{Heap before GC invocations=6 (full 0):
 PSYoungGen      total 34304K, used 34288K [0x00000000eab00000, 0x00000000f0000000, 0x0000000100000000)
  eden space 31744K, 100% used [0x00000000eab00000,0x00000000eca00000,0x00000000eca00000)
  from space 2560K, 99% used [0x00000000eca00000,0x00000000ecc7c020,0x00000000ecc80000)
  to   space 11776K, 0% used [0x00000000ef480000,0x00000000ef480000,0x00000000f0000000)
 ParOldGen       total 42496K, used 26709K [0x00000000c0000000, 0x00000000c2980000, 0x00000000eab00000)
  object space 42496K, 62% used [0x00000000c0000000,0x00000000c1a154c0,0x00000000c2980000)
 Metaspace       used 7126K, capacity 7640K, committed 7936K, reserved 1056768K
  class space    used 698K, capacity 720K, committed 768K, reserved 1048576K
Event: 3.997 GC heap after
Heap after GC invocations=6 (full 0):
 PSYoungGen      total 74240K, used 7906K [0x00000000eab00000, 0x00000000eff00000, 0x0000000100000000)
  eden space 63488K, 0% used [0x00000000eab00000,0x00000000eab00000,0x00000000ee900000)
  from space 10752K, 73% used [0x00000000ef480000,0x00000000efc388a0,0x00000000eff00000)
  to   space 11264K, 0% used [0x00000000ee900000,0x00000000ee900000,0x00000000ef400000)
 ParOldGen       total 42496K, used 26717K [0x00000000c0000000, 0x00000000c2980000, 0x00000000eab00000)
  object space 42496K, 62% used [0x00000000c0000000,0x00000000c1a174c0,0x00000000c2980000)
 Metaspace       used 7126K, capacity 7640K, committed 7936K, reserved 1056768K
  class space    used 698K, capacity 720K, committed 768K, reserved 1048576K
}
Event: 4.321 GC heap before
{Heap before GC invocations=7 (full 0):
 PSYoungGen      total 74240K, used 71394K [0x00000000eab00000, 0x00000000eff00000, 0x0000000100000000)
  eden space 63488K, 100% used [0x00000000eab00000,0x00000000ee900000,0x00000000ee900000)
  from space 10752K, 73% used [0x00000000ef480000,0x00000000efc388a0,0x00000000eff00000)
  to   space 11264K, 0% used [0x00000000ee900000,0x00000000ee900000,0x00000000ef400000)
 ParOldGen       total 42496K, used 26717K [0x00000000c0000000, 0x00000000c2980000, 0x00000000eab00000)
  object space 42496K, 62% used [0x00000000c0000000,0x00000000c1a174c0,0x00000000c2980000)
 Metaspace       used 7154K, capacity 7640K, committed 7936K, reserved 1056768K
  class space    used 698K, capacity 720K, committed 768K, reserved 1048576K
Event: 4.351 GC heap after
Heap after GC invocations=7 (full 0):
 PSYoungGen      total 74752K, used 10541K [0x00000000eab00000, 0x00000000f3e00000, 0x0000000100000000)
  eden space 63488K, 0% used [0x00000000eab00000,0x00000000eab00000,0x00000000ee900000)
  from space 11264K, 93% used [0x00000000ee900000,0x00000000ef34b648,0x00000000ef400000)
  to   space 11776K, 0% used [0x00000000f3280000,0x00000000f3280000,0x00000000f3e00000)
 ParOldGen       total 42496K, used 31146K [0x00000000c0000000, 0x00000000c2980000, 0x00000000eab00000)
  object space 42496K, 73% used [0x00000000c0000000,0x00000000c1e6aad8,0x00000000c2980000)
 Metaspace       used 7154K, capacity 7640K, committed 7936K, reserved 1056768K
  class space    used 698K, capacity 720K, committed 768K, reserved 1048576K
}

Deoptimization events (10 events):
Event: 3.148 Thread 0x000000000228e000 Uncommon trap: reason=class_check action=maybe_recompile pc=0x0000000002d8a14c method=java.util.HashMap.putVal(ILjava/lang/Object;Ljava/lang/Object;ZZ)Ljava/lang/Object; @ 56
Event: 3.148 Thread 0x000000000228e000 Uncommon trap: reason=class_check action=maybe_recompile pc=0x0000000002d8a1dc method=java.util.HashMap.putVal(ILjava/lang/Object;Ljava/lang/Object;ZZ)Ljava/lang/Object; @ 152
Event: 3.148 Thread 0x000000000228e000 Uncommon trap: reason=class_check action=maybe_recompile pc=0x0000000002d8a14c method=java.util.HashMap.putVal(ILjava/lang/Object;Ljava/lang/Object;ZZ)Ljava/lang/Object; @ 56
Event: 3.148 Thread 0x000000000228e000 Uncommon trap: reason=class_check action=maybe_recompile pc=0x0000000002d8a14c method=java.util.HashMap.putVal(ILjava/lang/Object;Ljava/lang/Object;ZZ)Ljava/lang/Object; @ 56
Event: 3.311 Thread 0x000000000228e000 Uncommon trap: reason=unreached action=reinterpret pc=0x0000000002e7df04 method=java.util.HashMap.putVal(ILjava/lang/Object;Ljava/lang/Object;ZZ)Ljava/lang/Object; @ 109
Event: 3.358 Thread 0x000000000228e000 Uncommon trap: reason=unreached action=reinterpret pc=0x0000000002d3ff88 method=java.util.HashMap.getNode(ILjava/lang/Object;)Ljava/util/HashMap$Node; @ 84
Event: 3.403 Thread 0x000000000228e000 Uncommon trap: reason=unreached action=reinterpret pc=0x0000000002d390dc method=java.util.HashMap.getNode(ILjava/lang/Object;)Ljava/util/HashMap$Node; @ 84
Event: 3.601 Thread 0x000000000228e000 Uncommon trap: reason=predicate action=maybe_recompile pc=0x0000000002edeecc method=com.android.dex.Leb128.readUnsignedLeb128(Lcom/android/dex/util/ByteInput;)I @ 41
Event: 3.608 Thread 0x000000000228e000 Uncommon trap: reason=unreached action=reinterpret pc=0x0000000002eeb540 method=java.util.HashMap.resize()[Ljava/util/HashMap$Node; @ 206
Event: 3.629 Thread 0x000000000228e000 Uncommon trap: reason=unloaded action=reinterpret pc=0x0000000002f708e0 method=com.android.dx.io.instructions.InstructionCodec.decodeRegisterList(Lcom/android/dx/io/instructions/InstructionCodec;ILcom/android/dx/io/instructions/CodeInput;)Lcom/android/dx/iíÄ%w/	@

Internal exceptions (10 events):
Event: 3.541 Thread 0x000000000228e000 Exception <a 'java/security/PrivilegedActionException'> (0x00000000eb88caa0) thrown at [D:\re\workspace\8-2-build-windows-amd64-cygwin\jdk8u25\1677\hotspot\src\share\vm\prims\jvm.cpp, line 1312]
Event: 3.541 Thread 0x000000000228e000 Exception <a 'java/security/PrivilegedActionException'> (0x00000000eb88cde8) thrown at [D:\re\workspace\8-2-build-windows-amd64-cygwin\jdk8u25\1677\hotspot\src\share\vm\prims\jvm.cpp, line 1312]
Event: 3.566 Thread 0x000000000228e000 Exception <a 'java/security/PrivilegedActionException'> (0x00000000eb890e70) thrown at [D:\re\workspace\8-2-build-windows-amd64-cygwin\jdk8u25\1677\hotspot\src\share\vm\prims\jvm.cpp, line 1312]
Event: 3.567 Thread 0x000000000228e000 Exception <a 'java/security/PrivilegedActionException'> (0x00000000eb893008) thrown at [D:\re\workspace\8-2-build-windows-amd64-cygwin\jdk8u25\1677\hotspot\src\share\vm\prims\jvm.cpp, line 1312]
Event: 3.569 Thread 0x000000000228e000 Exception <a 'java/security/PrivilegedActionException'> (0x00000000eb895218) thrown at [D:\re\workspace\8-2-build-windows-amd64-cygwin\jdk8u25\1677\hotspot\src\share\vm\prims\jvm.cpp, line 1312]
Event: 3.569 Thread 0x000000000228e000 Exception <a 'java/security/PrivilegedActionException'> (0x00000000eb895af8) thrown at [D:\re\workspace\8-2-build-windows-amd64-cygwin\jdk8u25\1677\hotspot\src\share\vm\prims\jvm.cpp, line 1312]
Event: 3.581 Thread 0x000000000228e000 Exception <a 'java/security/PrivilegedActionException'> (0x00000000eb8a63f0) thrown at [D:\re\workspace\8-2-build-windows-amd64-cygwin\jdk8u25\1677\hotspot\src\share\vm\prims\jvm.cpp, line 1312]
Event: 3.581 Thread 0x000000000228e000 Exception <a 'java/security/PrivilegedActionException'> (0x00000000eb8a6cd0) thrown at [D:\re\workspace\8-2-build-windows-amd64-cygwin\jdk8u25\1677\hotspot\src\share\vm\prims\jvm.cpp, line 1312]
Event: 3.582 Thread 0x000000000228e000 Exception <a 'java/security/PrivilegedActionException'> (0x00000000eb8a8648) thrown at [D:\re\workspace\8-2-build-windows-amd64-cygwin\jdk8u25\1677\hotspot\src\share\vm\prims\jvm.cpp, line 1312]
Event: 3.582 Thread 0x000000000228e000 Exception <a 'java/security/PrivilegedActionException'> (0x00000000eb8a8f48) thrown at [D:\re\workspace\8-2-build-windows-amd64-cygwin\jdk8u25\1677\hotspot\src\share\vm\prims\jvm.cpp, line 1312]

Events (10 events):
Event: 4.179 Thread 0x000000000228e000 DEOPT PACKING pc=0x0000000002f9f08b sp=0x000000000259ef60
Event: 4.179 Thread 0x000000000228e000 DEOPT UNPACKING pc=0x00000000028b71bf sp=0x000000000259ecd8 mode 0
Event: 4.184 Thread 0x000000000228e000 DEOPT PACKING pc=0x0000000002f9f08b sp=0x000000000259ef60
Event: 4.184 Thread 0x000000000228e000 DEOPT UNPACKING pc=0x00000000028b71bf sp=0x000000000259ecd8 mode 0
Event: 4.189 Thread 0x000000000228e000 DEOPT PACKING pc=0x0000000002f9f08b sp=0x000000000259ef60
Event: 4.189 Thread 0x000000000228e000 DEOPT UNPACKING pc=0x00000000028b71bf sp=0x000000000259ecd8 mode 0
Event: 4.223 Executing VM operation: EnableBiasedLocking
Event: 4.223 Executing VM operation: EnableBiasedLocking done
Event: 4.321 Executing VM operation: ParallelGCFailedAllocation
Event: 4.351 Executing VM operation: ParallelGCFailedAllocation done


Dynamic libraries:
0x000000013f440000 - 0x000000013f474000 	C:\PROGRA~1\Java\JDK18~1.0_2\bin\java.exe
0x0000000077490000 - 0x0000000077639000 	C:\Windows\SYSTEM32\ntdll.dll
0x0000000077270000 - 0x000000007738f000 	C:\Windows\system32\kernel32.dll
0x000007fefd5a0000 - 0x000007fefd60c000 	C:\Windows\system32\KERNELBASE.dll
0x000007fefe000000 - 0x000007fefe0db000 	C:\Windows\system32\ADVAPI32.dll
0x000007fefdf50000 - 0x000007fefdfef000 	C:\Windows\system32\msvcrt.dll
0x000007fefda40000 - 0x000007fefda5f000 	C:\Windows\SYSTEM32\sechost.dll
0x000007fefdd50000 - 0x000007fefde7d000 	C:\Windows\system32\RPCRT4.dll
0x0000000077390000 - 0x000000007748a000 	C:\Windows\system32\USER32.dll
0x000007feff480000 - 0x000007feff4e7000 	C:\Windows\system32\GDI32.dll
0x000007fefdff0000 - 0x000007fefdffe000 	C:\Windows\system32\LPK.dll
0x000007fefdc00000 - 0x000007fefdcc9000 	C:\Windows\system32\USP10.dll
0x000007fefb790000 - 0x000007fefb984000 	C:\Windows\WinSxS\amd64_microsoft.windows.common-controls_6595b64144ccf1df_6.0.7601.17514_none_fa396087175ac9ac\COMCTL32.dll
0x000007fefda70000 - 0x000007fefdae1000 	C:\Windows\system32\SHLWAPI.dll
0x000007fefdf20000 - 0x000007fefdf4e000 	C:\Windows\system32\IMM32.DLL
0x000007fefdaf0000 - 0x000007fefdbf9000 	C:\Windows\system32\MSCTF.dll
0x000000006d810000 - 0x000000006d8e2000 	C:\PROGRA~1\Java\JDK18~1.0_2\jre\bin\msvcr100.dll
0x000000006a7d0000 - 0x000000006b02a000 	C:\PROGRA~1\Java\JDK18~1.0_2\jre\bin\server\jvm.dll
0x000007fefaef0000 - 0x000007fefaef9000 	C:\Windows\system32\WSOCK32.dll
0x000007fefe640000 - 0x000007fefe68d000 	C:\Windows\system32\WS2_32.dll
0x000007fefda60000 - 0x000007fefda68000 	C:\Windows\system32\NSI.dll
0x000007fefbc80000 - 0x000007fefbcbb000 	C:\Windows\system32\WINMM.dll
0x0000000077660000 - 0x0000000077667000 	C:\Windows\system32\PSAPI.DLL
0x0000000074da0000 - 0x0000000074daf000 	C:\PROGRA~1\Java\JDK18~1.0_2\jre\bin\verify.dll
0x0000000072610000 - 0x0000000072638000 	C:\PROGRA~1\Java\JDK18~1.0_2\jre\bin\java.dll
0x0000000074d80000 - 0x0000000074d96000 	C:\PROGRA~1\Java\JDK18~1.0_2\jre\bin\zip.dll
0x000007fefe690000 - 0x000007feff418000 	C:\Windows\system32\SHELL32.dll
0x000007feff590000 - 0x000007feff793000 	C:\Windows\system32\ole32.dll
0x000007fefd250000 - 0x000007fefd25f000 	C:\Windows\system32\profapi.dll

VM Arguments:
jvm_args: -Xmx1024M -Xss1m -Djava.ext.dirs=C:\Users\Admin\AppData\Local\Android\sdk\build-tools\21.1.1\lib 
java_command: C:\Users\Admin\AppData\Local\Android\sdk\build-tools\21.1.1\lib\dx.jar --dex --no-optimize --output C:\Users\Admin\StudioProjects\EuroMaidan\app\build\intermediates\dex\debug --input-list C:\Users\Admin\StudioProjects\EuroMaidan\app\build\intermediates\tmp\dex\debug\inputList.txt
java_class_path (initial): C:\Users\Admin\AppData\Local\Android\sdk\build-tools\21.1.1\lib\dx.jar
Launcher Type: SUN_STANDARD

Environment Variables:
JAVA_HOME=C:\Program Files\Java\jdk1.8.0_25
PATH=C:\ProgramData\Oracle\Java\javapath;C:\Windows\system32;C:\Windows;C:\Windows\System32\Wbem;C:\Windows\System32\WindowsPowerShell\v1.0\;C:\Program Files (x86)\ATI Technologies\ATI.ACE\Core-Static;C:\Program Files (x86)\Common Files\Adobe\AGL;C:\Program Files (x86)\Git\cmd;C:\Users\Admin\AppData\Local\Android\sdk\platform-tools
USERNAME=Admin
OS=Windows_NT
PROCESSOR_IDENTIFIER=Intel64 Family 6 Model 37 Stepping 2, GenuineIntel



---------------  S Y S T E M  ---------------

OS: Windows 7 , 64 bit Build 7601 Service Pack 1

CPU:total 4 (2 cores per cpu, 2 threads per core) family 6 model 37 stepping 2, cmov, cx8, fxsr, mmx, sse, sse2, sse3, ssse3, sse4.1, sse4.2, popcnt, ht, tsc, tscinvbit

Memory: 4k page, physical 3987312k(606948k free), swap 3985448k(5116k free)

vm_info: Java HotSpot(TM) 64-Bit Server VM (25.25-b02) for windows-amd64 JRE (1.8.0_25-b18), built on Oct  7 2014 14:25:37 by "java_re" with MS VC++ 10.0 (VS2010)

time: Fri Dec 26 16:48:35 2014
elapsed time: 4 seconds (0d 0h 0m 4s)

