#
# There is insufficient memory for the Java Runtime Environment to continue.
# Native memory allocation (malloc) failed to allocate 32744 bytes for ChunkPool::allocate
# Possible reasons:
#   The system is out of physical RAM or swap space
#   In 32 bit mode, the process size limit was hit
# Possible solutions:
#   Reduce memory load on the system
#   Increase physical memory or swap space
#   Check if swap backing store is full
#   Use 64 bit Java on a 64 bit OS
#   Decrease Java heap size (-Xmx/-Xms)
#   Decrease number of Java threads
#   Decrease Java thread stack sizes (-Xss)
#   Set larger code cache with -XX:ReservedCodeCacheSize=
# This output file may be truncated or incomplete.
#
#  Out of Memory Error (allocation.cpp:273), pid=3172, tid=5536
#
# JRE version: Java(TM) SE Runtime Environment (8.0_25-b18) (build 1.8.0_25-b18)
# Java VM: Java HotSpot(TM) 64-Bit Server VM (25.25-b02 mixed mode windows-amd64 compressed oops)
# Failed to write core dump. Minidumps are not enabled by default on client versions of Windows
#

---------------  T H R E A D  ---------------

Current thread (0x0000000056349000):  JavaThread "C1 CompilerThread2" daemon [_thread_in_native, id=5536, stack(0x0000000056a50000,0x0000000056b50000)]

Stack: [0x0000000056a50000,0x0000000056b50000]
[error occurred during error reporting (printing stack bounds), id 0xc0000005]

Native frames: (J=compiled Java code, j=interpreted, Vv=VM code, C=native code)
V  [jvm.dll+0x31667a]


Current CompileTask:
C1:  36157 7931       3       sun.nio.cs.SingleByte$Decoder::decodeArrayLoop (154 bytes)


---------------  P R O C E S S  ---------------

Java Threads: ( => current thread )
  0x000000005d3ce800 JavaThread "stdout" [_thread_in_native, id=1228, stack(0x000000005fd50000,0x000000005fe50000)]
  0x000000005d3cd800 JavaThread "stderr" [_thread_in_native, id=2412, stack(0x0000000058e00000,0x0000000058f00000)]
  0x000000005cb5d000 JavaThread "pool-1-thread-1" [_thread_blocked, id=2028, stack(0x000000005bf00000,0x000000005c000000)]
  0x0000000056636000 JavaThread "File lock request listener" [_thread_in_native, id=3668, stack(0x000000005d920000,0x000000005da20000)]
  0x00000000579c7000 JavaThread "Stdin handler" [_thread_blocked, id=5664, stack(0x0000000059650000,0x0000000059750000)]
  0x0000000057bce800 JavaThread "Daemon worker" [_thread_blocked, id=5108, stack(0x0000000059540000,0x0000000059640000)]
  0x0000000057a22800 JavaThread "Cancel handler" [_thread_blocked, id=4380, stack(0x0000000059350000,0x0000000059450000)]
  0x0000000057bb9800 JavaThread "Handler for socket connection from /127.0.0.1:54324 to /127.0.0.1:54326" [_thread_in_native, id=2068, stack(0x00000000590d0000,0x00000000591d0000)]
  0x0000000057bb7000 JavaThread "Daemon" [_thread_blocked, id=5684, stack(0x0000000058f30000,0x0000000059030000)]
  0x0000000057ada800 JavaThread "Incoming local TCP Connector on port 54324" [_thread_in_native, id=5552, stack(0x0000000058ad0000,0x0000000058bd0000)]
  0x0000000056374000 JavaThread "Service Thread" daemon [_thread_blocked, id=4832, stack(0x0000000056d20000,0x0000000056e20000)]
=>0x0000000056349000 JavaThread "C1 CompilerThread2" daemon [_thread_in_native, id=5536, stack(0x0000000056a50000,0x0000000056b50000)]
  0x0000000056340000 JavaThread "C2 CompilerThread1" daemon [_thread_blocked, id=3212, stack(0x0000000056c00000,0x0000000056d00000)]
  0x0000000056315800 JavaThread "C2 CompilerThread0" daemon [_thread_blocked, id=1276, stack(0x0000000056710000,0x0000000056810000)]
  0x0000000056314800 JavaThread "Attach Listener" daemon [_thread_blocked, id=5932, stack(0x0000000056940000,0x0000000056a40000)]
  0x0000000055074000 JavaThread "Signal Dispatcher" daemon [_thread_blocked, id=3576, stack(0x0000000056810000,0x0000000056910000)]
  0x0000000055018800 JavaThread "Finalizer" daemon [_thread_blocked, id=4652, stack(0x0000000056210000,0x0000000056310000)]
  0x0000000055010000 JavaThread "Reference Handler" daemon [_thread_blocked, id=4348, stack(0x0000000055f70000,0x0000000056070000)]
  0x00000000000ff000 JavaThread "main" [_thread_blocked, id=5416, stack(0x0000000002350000,0x0000000002450000)]

Other Threads:
  0x0000000055006800 VMThread [stack: 0x0000000056100000,0x0000000056200000] [id=2892]
  0x0000000056389800 WatcherThread [stack: 0x0000000056f40000,0x0000000057040000] [id=3224]

VM state:not at safepoint (normal execution)

VM Mutex/Monitor currently owned by a thread: None

Heap:
 PSYoungGen      total 174592K, used 87022K [0x00000000eab00000, 0x00000000f8e80000, 0x0000000100000000)
  eden space 147968K, 40% used [0x00000000eab00000,0x00000000ee5fd540,0x00000000f3b80000)
  from space 26624K, 99% used [0x00000000f5f00000,0x00000000f78fe2d0,0x00000000f7900000)
  to   space 36352K, 0% used [0x00000000f3b80000,0x00000000f3b80000,0x00000000f5f00000)
 ParOldGen       total 71680K, used 55038K [0x00000000c0000000, 0x00000000c4600000, 0x00000000eab00000)
  object space 71680K, 76% used [0x00000000c0000000,0x00000000c35bfa48,0x00000000c4600000)
 Metaspace       used 49947K, capacity 51913K, committed 52264K, reserved 1093632K
  class space    used 6697K, capacity 7427K, committed 7464K, reserved 1048576K

Card table byte_map: [0x0000000011ae0000,0x0000000011cf0000] byte_map_base: 0x00000000114e0000

Marking Bits: (ParMarkBitMap*) 0x000000006afad490
 Begin Bits: [0x0000000012480000, 0x0000000013480000)
 End Bits:   [0x0000000013480000, 0x0000000014480000)

Polling page: 0x0000000000140000

CodeCache: size=245760Kb used=23993Kb max_used=24008Kb free=221766Kb
 bounds [0x0000000002720000, 0x0000000003eb0000, 0x0000000011720000]
 total_blobs=7707 nmethods=7023 adapters=596
 compilation: enabled

Compilation events (10 events):
Event: 30.572 Thread 0x0000000056349000 7927       3       org.codehaus.groovy.runtime.callsite.PojoMetaMethodSite::createCachedMethodSite (60 bytes)
Event: 30.573 Thread 0x0000000056349000 nmethod 7927 0x0000000003ea4c50 code [0x0000000003ea4e60, 0x0000000003ea5908]
Event: 30.573 Thread 0x0000000056315800 nmethod 7926 0x0000000002e80010 code [0x0000000002e80160, 0x0000000002e80248]
Event: 30.586 Thread 0x0000000056340000 7928       4       org.gradle.internal.classloader.FilteringClassLoader::classAllowed (74 bytes)
Event: 30.649 Thread 0x0000000056340000 nmethod 7928 0x0000000003ea90d0 code [0x0000000003ea9320, 0x0000000003eaacd8]
Event: 35.786 Thread 0x0000000056315800 7929       4       java.nio.ByteBuffer::array (35 bytes)
Event: 35.787 Thread 0x0000000056315800 nmethod 7929 0x0000000002e7f910 code [0x0000000002e7fa40, 0x0000000002e7fab8]
Event: 35.970 Thread 0x0000000056349000 7930       3       java.io.BufferedReader::fill (170 bytes)
Event: 35.971 Thread 0x0000000056349000 nmethod 7930 0x0000000002ba2110 code [0x0000000002ba22c0, 0x0000000002ba2948]
Event: 36.132 Thread 0x0000000056349000 7931       3       sun.nio.cs.SingleByte$Decoder::decodeArrayLoop (154 bytes)

GC Heap History (10 events):
Event: 11.662 GC heap before
{Heap before GC invocations=12 (full 1):
 PSYoungGen      total 114688K, used 60548K [0x00000000eab00000, 0x00000000f3280000, 0x0000000100000000)
  eden space 104448K, 48% used [0x00000000eab00000,0x00000000edc29190,0x00000000f1100000)
  from space 10240K, 99% used [0x00000000f1f00000,0x00000000f28f8020,0x00000000f2900000)
  to   space 14336K, 0% used [0x00000000f1100000,0x00000000f1100000,0x00000000f1f00000)
 ParOldGen       total 40960K, used 19073K [0x00000000c0000000, 0x00000000c2800000, 0x00000000eab00000)
  object space 40960K, 46% used [0x00000000c0000000,0x00000000c12a07f0,0x00000000c2800000)
 Metaspace       used 34079K, capacity 35336K, committed 35496K, reserved 1079296K
  class space    used 4553K, capacity 5023K, committed 5032K, reserved 1048576K
Event: 11.700 GC heap after
Heap after GC invocations=12 (full 1):
 PSYoungGen      total 118784K, used 14304K [0x00000000eab00000, 0x00000000f5000000, 0x0000000100000000)
  eden space 104448K, 0% used [0x00000000eab00000,0x00000000eab00000,0x00000000f1100000)
  from space 14336K, 99% used [0x00000000f1100000,0x00000000f1ef8020,0x00000000f1f00000)
  to   space 16896K, 0% used [0x00000000f3f80000,0x00000000f3f80000,0x00000000f5000000)
 ParOldGen       total 40960K, used 20481K [0x00000000c0000000, 0x00000000c2800000, 0x00000000eab00000)
  object space 40960K, 50% used [0x00000000c0000000,0x00000000c14007e0,0x00000000c2800000)
 Metaspace       used 34079K, capacity 35336K, committed 35496K, reserved 1079296K
  class space    used 4553K, capacity 5023K, committed 5032K, reserved 1048576K
}
Event: 11.700 GC heap before
{Heap before GC invocations=13 (full 2):
 PSYoungGen      total 118784K, used 14304K [0x00000000eab00000, 0x00000000f5000000, 0x0000000100000000)
  eden space 104448K, 0% used [0x00000000eab00000,0x00000000eab00000,0x00000000f1100000)
  from space 14336K, 99% used [0x00000000f1100000,0x00000000f1ef8020,0x00000000f1f00000)
  to   space 16896K, 0% used [0x00000000f3f80000,0x00000000f3f80000,0x00000000f5000000)
 ParOldGen       total 40960K, used 20481K [0x00000000c0000000, 0x00000000c2800000, 0x00000000eab00000)
  object space 40960K, 50% used [0x00000000c0000000,0x00000000c14007e0,0x00000000c2800000)
 Metaspace       used 34079K, capacity 35336K, committed 35496K, reserved 1079296K
  class space    used 4553K, capacity 5023K, committed 5032K, reserved 1048576K
Event: 11.990 GC heap after
Heap after GC invocations=13 (full 2):
 PSYoungGen      total 118784K, used 0K [0x00000000eab00000, 0x00000000f5000000, 0x0000000100000000)
  eden space 104448K, 0% used [0x00000000eab00000,0x00000000eab00000,0x00000000f1100000)
  from space 14336K, 0% used [0x00000000f1100000,0x00000000f1100000,0x00000000f1f00000)
  to   space 16896K, 0% used [0x00000000f3f80000,0x00000000f3f80000,0x00000000f5000000)
 ParOldGen       total 71680K, used 25435K [0x00000000c0000000, 0x00000000c4600000, 0x00000000eab00000)
  object space 71680K, 35% used [0x00000000c0000000,0x00000000c18d6dc8,0x00000000c4600000)
 Metaspace       used 34079K, capacity 35336K, committed 35496K, reserved 1079296K
  class space    used 4553K, capacity 5023K, committed 5032K, reserved 1048576K
}
Event: 14.144 GC heap before
{Heap before GC invocations=14 (full 2):
 PSYoungGen      total 118784K, used 104448K [0x00000000eab00000, 0x00000000f5000000, 0x0000000100000000)
  eden space 104448K, 100% used [0x00000000eab00000,0x00000000f1100000,0x00000000f1100000)
  from space 14336K, 0% used [0x00000000f1100000,0x00000000f1100000,0x00000000f1f00000)
  to   space 16896K, 0% used [0x00000000f3f80000,0x00000000f3f80000,0x00000000f5000000)
 ParOldGen       total 71680K, used 25435K [0x00000000c0000000, 0x00000000c4600000, 0x00000000eab00000)
  object space 71680K, 35% used [0x00000000c0000000,0x00000000c18d6dc8,0x00000000c4600000)
 Metaspace       used 37210K, capacity 38828K, committed 39080K, reserved 1083392K
  class space    used 5083K, capacity 5686K, committed 5800K, reserved 1048576K
Event: 14.191 GC heap after
Heap after GC invocations=14 (full 2):
 PSYoungGen      total 142848K, used 12372K [0x00000000eab00000, 0x00000000f4c80000, 0x0000000100000000)
  eden space 129536K, 0% used [0x00000000eab00000,0x00000000eab00000,0x00000000f2980000)
  from space 13312K, 92% used [0x00000000f3f80000,0x00000000f4b95130,0x00000000f4c80000)
  to   space 17920K, 0% used [0x00000000f2980000,0x00000000f2980000,0x00000000f3b00000)
 ParOldGen       total 71680K, used 25443K [0x00000000c0000000, 0x00000000c4600000, 0x00000000eab00000)
  object space 71680K, 35% used [0x00000000c0000000,0x00000000c18d8dc8,0x00000000c4600000)
 Metaspace       used 37210K, capacity 38828K, committed 39080K, reserved 1083392K
  class space    used 5083K, capacity 5686K, committed 5800K, reserved 1048576K
}
Event: 23.517 GC heap before
{Heap before GC invocations=15 (full 2):
 PSYoungGen      total 142848K, used 141908K [0x00000000eab00000, 0x00000000f4c80000, 0x0000000100000000)
  eden space 129536K, 100% used [0x00000000eab00000,0x00000000f2980000,0x00000000f2980000)
  from space 13312K, 92% used [0x00000000f3f80000,0x00000000f4b95130,0x00000000f4c80000)
  to   space 17920K, 0% used [0x00000000f2980000,0x00000000f2980000,0x00000000f3b00000)
 ParOldGen       total 71680K, used 25443K [0x00000000c0000000, 0x00000000c4600000, 0x00000000eab00000)
  object space 71680K, 35% used [0x00000000c0000000,0x00000000c18d8dc8,0x00000000c4600000)
 Metaspace       used 46159K, capacity 48119K, committed 48296K, reserved 1091584K
  class space    used 6305K, capacity 7028K, committed 7080K, reserved 1048576K
Event: 23.600 GC heap after
Heap after GC invocations=15 (full 2):
 PSYoungGen      total 147456K, used 17890K [0x00000000eab00000, 0x00000000f7900000, 0x0000000100000000)
  eden space 129536K, 0% used [0x00000000eab00000,0x00000000eab00000,0x00000000f2980000)
  from space 17920K, 99% used [0x00000000f2980000,0x00000000f3af8ac8,0x00000000f3b00000)
  to   space 26624K, 0% used [0x00000000f5f00000,0x00000000f5f00000,0x00000000f7900000)
 ParOldGen       total 71680K, used 40512K [0x00000000c0000000, 0x00000000c4600000, 0x00000000eab00000)
  object space 71680K, 56% used [0x00000000c0000000,0x00000000c2790110,0x00000000c4600000)
 Metaspace       used 46159K, capacity 48119K, committed 48296K, reserved 1091584K
  class space    used 6305K, capacity 7028K, committed 7080K, reserved 1048576K
}
Event: 28.258 GC heap before
{Heap before GC invocations=16 (full 2):
 PSYoungGen      total 147456K, used 147426K [0x00000000eab00000, 0x00000000f7900000, 0x0000000100000000)
  eden space 129536K, 100% used [0x00000000eab00000,0x00000000f2980000,0x00000000f2980000)
  from space 17920K, 99% used [0x00000000f2980000,0x00000000f3af8ac8,0x00000000f3b00000)
  to   space 26624K, 0% used [0x00000000f5f00000,0x00000000f5f00000,0x00000000f7900000)
 ParOldGen       total 71680K, used 40512K [0x00000000c0000000, 0x00000000c4600000, 0x00000000eab00000)
  object space 71680K, 56% used [0x00000000c0000000,0x00000000c2790110,0x00000000c4600000)
 Metaspace       used 49669K, capacity 51699K, committed 52008K, reserved 1093632K
  class space    used 6686K, capacity 7422K, committed 7464K, reserved 1048576K
Event: 28.373 GC heap after
Heap after GC invocations=16 (full 2):
 PSYoungGen      total 174592K, used 26616K [0x00000000eab00000, 0x00000000f8e80000, 0x0000000100000000)
  eden space 147968K, 0% used [0x00000000eab00000,0x00000000eab00000,0x00000000f3b80000)
  from space 26624K, 99% used [0x00000000f5f00000,0x00000000f78fe2d0,0x00000000f7900000)
  to   space 36352K, 0% used [0x00000000f3b80000,0x00000000f3b80000,0x00000000f5f00000)
 ParOldGen       total 71680K, used 55038K [0x00000000c0000000, 0x00000000c4600000, 0x00000000eab00000)
  object space 71680K, 76% used [0x00000000c0000000,0x00000000c35bfa48,0x00000000c4600000)
 Metaspace       used 49669K, capacity 51699K, committed 52008K, reserved 1093632K
  class space    used 6686K, capacity 7422K, committed 7464K, reserved 1048576K
}

Deoptimization events (10 events):
Event: 27.702 Thread 0x0000000057bce800 Uncommon trap: reason=class_check action=maybe_recompile pc=0x0000000003be02cc method=com.sun.tools.javac.code.Type$ClassType.isErroneous()Z @ 28
Event: 27.879 Thread 0x0000000057bce800 Uncommon trap: reason=unloaded action=reinterpret pc=0x0000000003bfbf74 method=com.sun.tools.javac.jvm.ClassReader.readPool(I)Ljava/lang/Object; @ 413
Event: 27.884 Thread 0x0000000057bce800 Uncommon trap: reason=unloaded action=reinterpret pc=0x0000000003db723c method=com.sun.tools.javac.comp.Check.checkType(Lcom/sun/tools/javac/util/JCDiagnostic$DiagnosticPosition;Lcom/sun/tools/javac/code/Type;Lcom/sun/tools/javac/code/Type;Lcom/sun/tools/jÝVµòçö;@
Event: 27.964 Thread 0x0000000057bce800 Uncommon trap: reason=unreached action=reinterpret pc=0x0000000003e01478 method=com.sun.tools.javac.comp.Attr.visitIdent(Lcom/sun/tools/javac/tree/JCTree$JCIdent;)V @ 192
Event: 28.090 Thread 0x0000000057bce800 Uncommon trap: reason=unloaded action=reinterpret pc=0x0000000003e42f8c method=com.sun.tools.javac.comp.Check.checkType(Lcom/sun/tools/javac/util/JCDiagnostic$DiagnosticPosition;Lcom/sun/tools/javac/code/Type;Lcom/sun/tools/javac/code/Type;Lcom/sun/tools/jå!ÿÌÔZ=@
Event: 29.355 Thread 0x0000000057bce800 Uncommon trap: reason=unreached action=reinterpret pc=0x00000000033f7628 method=com.sun.tools.javac.comp.Attr.selectSym(Lcom/sun/tools/javac/tree/JCTree$JCFieldAccess;Lcom/sun/tools/javac/code/Symbol;Lcom/sun/tools/javac/code/Type;Lcom/sun/tools/javac/compŠSu[=@
Event: 29.357 Thread 0x0000000057bce800 Uncommon trap: reason=class_check action=maybe_recompile pc=0x00000000031870e0 method=com.sun.tools.javac.comp.Resolve$AbstractMethodCheck.argumentsAcceptable(Lcom/sun/tools/javac/comp/Env;Lcom/sun/tools/javac/comp/DeferredAttr$DeferredAttrContext;Lcom/sun
Event: 29.357 Thread 0x0000000057bce800 Uncommon trap: reason=class_check action=maybe_recompile pc=0x00000000031870e0 method=com.sun.tools.javac.comp.Resolve$AbstractMethodCheck.argumentsAcceptable(Lcom/sun/tools/javac/comp/Env;Lcom/sun/tools/javac/comp/DeferredAttr$DeferredAttrContext;Lcom/sunßwÖ6¤[=@
Event: 29.358 Thread 0x0000000057bce800 Uncommon trap: reason=class_check action=maybe_recompile pc=0x00000000031870e0 method=com.sun.tools.javac.comp.Resolve$AbstractMethodCheck.argumentsAcceptable(Lcom/sun/tools/javac/comp/Env;Lcom/sun/tools/javac/comp/DeferredAttr$DeferredAttrContext;Lcom/sunþtEO¨[=@
Event: 29.358 Thread 0x0000000057bce800 Uncommon trap: reason=class_check action=maybe_recompile pc=0x00000000031870e0 method=com.sun.tools.javac.comp.Resolve$AbstractMethodCheck.argumentsAcceptable(Lcom/sun/tools/javac/comp/Env;Lcom/sun/tools/javac/comp/DeferredAttr$DeferredAttrContext;Lcom/sun\%û+£³;@

Internal exceptions (10 events):
Event: 24.739 Thread 0x0000000057bce800 Exception <a 'java/lang/NoSuchMethodError': <clinit>> (0x00000000eca7ade8) thrown at [D:\re\workspace\8-2-build-windows-amd64-cygwin\jdk8u25\1677\hotspot\src\share\vm\prims\jni.cpp, line 1603]
Event: 24.744 Thread 0x0000000057bce800 Exception <a 'java/lang/NoSuchMethodError': <clinit>> (0x00000000eca8dd68) thrown at [D:\re\workspace\8-2-build-windows-amd64-cygwin\jdk8u25\1677\hotspot\src\share\vm\prims\jni.cpp, line 1603]
Event: 29.760 Thread 0x0000000057bce800 Exception <a 'java/security/PrivilegedActionException'> (0x00000000ed1a92c8) thrown at [D:\re\workspace\8-2-build-windows-amd64-cygwin\jdk8u25\1677\hotspot\src\share\vm\prims\jvm.cpp, line 1312]
Event: 29.760 Thread 0x0000000057bce800 Exception <a 'java/security/PrivilegedActionException'> (0x00000000ed1aa088) thrown at [D:\re\workspace\8-2-build-windows-amd64-cygwin\jdk8u25\1677\hotspot\src\share\vm\prims\jvm.cpp, line 1312]
Event: 30.196 Thread 0x0000000057bce800 Exception <a 'java/lang/NoSuchMethodError': <clinit>> (0x00000000ede0b970) thrown at [D:\re\workspace\8-2-build-windows-amd64-cygwin\jdk8u25\1677\hotspot\src\share\vm\prims\jni.cpp, line 1603]
Event: 30.196 Thread 0x0000000057bce800 Exception <a 'java/lang/NoSuchMethodError': <clinit>> (0x00000000ede0c550) thrown at [D:\re\workspace\8-2-build-windows-amd64-cygwin\jdk8u25\1677\hotspot\src\share\vm\prims\jni.cpp, line 1603]
Event: 30.585 Thread 0x0000000057bce800 Exception <a 'java/security/PrivilegedActionException'> (0x00000000ee130e20) thrown at [D:\re\workspace\8-2-build-windows-amd64-cygwin\jdk8u25\1677\hotspot\src\share\vm\prims\jvm.cpp, line 1312]
Event: 30.586 Thread 0x0000000057bce800 Exception <a 'java/security/PrivilegedActionException'> (0x00000000ee135250) thrown at [D:\re\workspace\8-2-build-windows-amd64-cygwin\jdk8u25\1677\hotspot\src\share\vm\prims\jvm.cpp, line 1312]
Event: 30.587 Thread 0x0000000057bce800 Exception <a 'java/security/PrivilegedActionException'> (0x00000000ee13bb98) thrown at [D:\re\workspace\8-2-build-windows-amd64-cygwin\jdk8u25\1677\hotspot\src\share\vm\prims\jvm.cpp, line 1312]
Event: 30.589 Thread 0x0000000057bce800 Exception <a 'java/security/PrivilegedActionException'> (0x00000000ee141760) thrown at [D:\re\workspace\8-2-build-windows-amd64-cygwin\jdk8u25\1677\hotspot\src\share\vm\prims\jvm.cpp, line 1312]

Events (10 events):
Event: 30.585 loading class com/android/builder/core/AndroidBuilder$2
Event: 30.585 loading class com/android/builder/core/AndroidBuilder$2 done
Event: 30.586 loading class com/google/common/collect/AbstractIterator$State
Event: 30.586 loading class com/google/common/collect/AbstractIterator$State done
Event: 30.587 loading class com/google/common/collect/AbstractIterator$1
Event: 30.587 loading class com/google/common/collect/AbstractIterator$1 done
Event: 30.589 loading class com/android/builder/core/AndroidBuilder$3
Event: 30.589 loading class com/android/builder/core/AndroidBuilder$3 done
Event: 30.650 Thread 0x000000005d3cd800 Thread added: 0x000000005d3cd800
Event: 30.650 Thread 0x000000005d3ce800 Thread added: 0x000000005d3ce800


Dynamic libraries:
0x000000013f440000 - 0x000000013f474000 	C:\Program Files\Java\jdk1.8.0_25\bin\java.exe
0x0000000077490000 - 0x0000000077639000 	C:\Windows\SYSTEM32\ntdll.dll
0x0000000077270000 - 0x000000007738f000 	C:\Windows\system32\kernel32.dll
0x000007fefd5a0000 - 0x000007fefd60c000 	C:\Windows\system32\KERNELBASE.dll
0x000007fefe000000 - 0x000007fefe0db000 	C:\Windows\system32\ADVAPI32.dll
0x000007fefdf50000 - 0x000007fefdfef000 	C:\Windows\system32\msvcrt.dll
0x000007fefda40000 - 0x000007fefda5f000 	C:\Windows\SYSTEM32\sechost.dll
0x000007fefdd50000 - 0x000007fefde7d000 	C:\Windows\system32\RPCRT4.dll
0x0000000077390000 - 0x000000007748a000 	C:\Windows\system32\USER32.dll
0x000007feff480000 - 0x000007feff4e7000 	C:\Windows\system32\GDI32.dll
0x000007fefdff0000 - 0x000007fefdffe000 	C:\Windows\system32\LPK.dll
0x000007fefdc00000 - 0x000007fefdcc9000 	C:\Windows\system32\USP10.dll
0x000007fefb790000 - 0x000007fefb984000 	C:\Windows\WinSxS\amd64_microsoft.windows.common-controls_6595b64144ccf1df_6.0.7601.17514_none_fa396087175ac9ac\COMCTL32.dll
0x000007fefda70000 - 0x000007fefdae1000 	C:\Windows\system32\SHLWAPI.dll
0x000007fefdf20000 - 0x000007fefdf4e000 	C:\Windows\system32\IMM32.DLL
0x000007fefdaf0000 - 0x000007fefdbf9000 	C:\Windows\system32\MSCTF.dll
0x000000006d810000 - 0x000000006d8e2000 	C:\Program Files\Java\jdk1.8.0_25\jre\bin\msvcr100.dll
0x000000006a7d0000 - 0x000000006b02a000 	C:\Program Files\Java\jdk1.8.0_25\jre\bin\server\jvm.dll
0x000007fefaef0000 - 0x000007fefaef9000 	C:\Windows\system32\WSOCK32.dll
0x000007fefe640000 - 0x000007fefe68d000 	C:\Windows\system32\WS2_32.dll
0x000007fefda60000 - 0x000007fefda68000 	C:\Windows\system32\NSI.dll
0x000007fefbc80000 - 0x000007fefbcbb000 	C:\Windows\system32\WINMM.dll
0x0000000077660000 - 0x0000000077667000 	C:\Windows\system32\PSAPI.DLL
0x0000000074da0000 - 0x0000000074daf000 	C:\Program Files\Java\jdk1.8.0_25\jre\bin\verify.dll
0x0000000072610000 - 0x0000000072638000 	C:\Program Files\Java\jdk1.8.0_25\jre\bin\java.dll
0x0000000074d80000 - 0x0000000074d96000 	C:\Program Files\Java\jdk1.8.0_25\jre\bin\zip.dll
0x000007fefe690000 - 0x000007feff418000 	C:\Windows\system32\SHELL32.dll
0x000007feff590000 - 0x000007feff793000 	C:\Windows\system32\ole32.dll
0x000007fefd250000 - 0x000007fefd25f000 	C:\Windows\system32\profapi.dll
0x000007fefca90000 - 0x000007fefcaa7000 	C:\Windows\system32\CRYPTSP.dll
0x000007fefc790000 - 0x000007fefc7d7000 	C:\Windows\system32\rsaenh.dll
0x000007fefd2b0000 - 0x000007fefd2ce000 	C:\Windows\system32\USERENV.dll
0x000007fefd0f0000 - 0x000007fefd0ff000 	C:\Windows\system32\CRYPTBASE.dll
0x0000000074710000 - 0x000000007472a000 	C:\Program Files\Java\jdk1.8.0_25\jre\bin\net.dll
0x000007fefca30000 - 0x000007fefca85000 	C:\Windows\system32\mswsock.dll
0x000007fefca20000 - 0x000007fefca27000 	C:\Windows\System32\wship6.dll
0x000007fefa340000 - 0x000007fefa367000 	C:\Windows\system32\IPHLPAPI.DLL
0x000007fefa330000 - 0x000007fefa33b000 	C:\Windows\system32\WINNSI.DLL
0x000007fefa040000 - 0x000007fefa051000 	C:\Windows\system32\dhcpcsvc6.DLL
0x000007fefa020000 - 0x000007fefa038000 	C:\Windows\system32\dhcpcsvc.DLL
0x00000000739d0000 - 0x00000000739e1000 	C:\Program Files\Java\jdk1.8.0_25\jre\bin\nio.dll
0x000007fef4af0000 - 0x000007fef4b02000 	C:\Users\Admin\AppData\Local\Temp\native-platform5314633621103283900dir\native-platform.dll
0x000007fefd090000 - 0x000007fefd0e7000 	C:\Windows\system32\apphelp.dll

VM Arguments:
jvm_args: -XX:MaxPermSize=256m -XX:+HeapDumpOnOutOfMemoryError -Xmx1024m -Dfile.encoding=windows-1251 -Duser.country=RU -Duser.language=ru -Duser.variant 
java_command: org.gradle.launcher.daemon.bootstrap.GradleDaemon 2.2.1 C:\Users\Admin\.gradle\daemon 10800000 99c1730a-a096-4dc3-932c-ca14c2408696 -XX:MaxPermSize=256m -XX:+HeapDumpOnOutOfMemoryError -Xmx1024m -Dfile.encoding=windows-1251 -Duser.country=RU -Duser.language=ru -Duser.variant
java_class_path (initial): C:\Program Files\Android\Android Studio\gradle\gradle-2.2.1\lib\gradle-launcher-2.2.1.jar
Launcher Type: SUN_STANDARD

Environment Variables:
JAVA_HOME=C:\Program Files\Java\jdk1.8.0_25
PATH=C:\ProgramData\Oracle\Java\javapath;C:\Windows\system32;C:\Windows;C:\Windows\System32\Wbem;C:\Windows\System32\WindowsPowerShell\v1.0\;C:\Program Files (x86)\ATI Technologies\ATI.ACE\Core-Static;C:\Program Files (x86)\Common Files\Adobe\AGL;C:\Program Files (x86)\Git\cmd;C:\Users\Admin\AppData\Local\Android\sdk\platform-tools
USERNAME=Admin
OS=Windows_NT
PROCESSOR_IDENTIFIER=Intel64 Family 6 Model 37 Stepping 2, GenuineIntel



---------------  S Y S T E M  ---------------

OS: Windows 7 , 64 bit Build 7601 Service Pack 1

CPU:total 4 (2 cores per cpu, 2 threads per core) family 6 model 37 stepping 2, cmov, cx8, fxsr, mmx, sse, sse2, sse3, ssse3, sse4.1, sse4.2, popcnt, ht, tsc, tscinvbit

Memory: 4k page, physical 3987312k(606948k free), swap 3985448k(5088k free)

vm_info: Java HotSpot(TM) 64-Bit Server VM (25.25-b02) for windows-amd64 JRE (1.8.0_25-b18), built on Oct  7 2014 14:25:37 by "java_re" with MS VC++ 10.0 (VS2010)

time: Fri Dec 26 16:48:35 2014
elapsed time: 36 seconds (0d 0h 0m 36s)

